PRT1
105
176
510
4 0 10 0 (960 994.908447 128 ) (960 896 128 ) (960 896 1216 ) (960 994.908447 1216 ) 
4 0 8 0 (960 1184 128 ) (960 1174.644287 128 ) (960 1174.644287 1216 ) (960 1184 1216 ) 
4 0 6 0 (960 1174.644287 128 ) (960 994.908447 128 ) (960 994.908447 1216 ) (960 1174.644287 1216 ) 
4 0 5 0 (1088 896 128 ) (1344 896 128 ) (1344 896 640 ) (1088 896 640 ) 
4 0 4 0 (1125.997070 1195 128 ) (1071.995605 1240 128 ) (1071.995483 1240 1216 ) (1125.996948 1195 1216 ) 
4 0 3 0 (1344 1013.330017 1216 ) (1344 1013.330078 128 ) (1125.997070 1195 128 ) (1125.996948 1195 1216 ) 
4 0 2 0 (960 1183.998413 1216 ) (972.002686 1204.002686 1216 ) (972.003906 1204.003906 128 ) (960 1183.997437 128 ) 
4 0 1 0 (984 1224 1216 ) (1017.601562 1280 1216 ) (1017.601562 1280 128 ) (984 1223.998901 128 ) 
4 2 8 0 (960 1192 128 ) (960 1184 128 ) (960 1184 1216 ) (960 1192 1216 ) 
4 3 4 0 (1126 1195 128 ) (1126 1195 1216 ) (1200 1232 1216 ) (1200 1232 128 ) 
4 5 20 0 (1161.333374 768 -32 ) (1296 768 -32 ) (1296 768 640 ) (1161.333374 768 640 ) 
4 5 15 0 (1088 768 640 ) (1088 768 -32 ) (1161.333374 768 -32 ) (1161.333374 768 640 ) 
4 6 13 0 (488 1008 128 ) (488 896 128 ) (488 896 1216 ) (488 1008 1216 ) 
4 6 12 0 (488 896 1216 ) (488 896 128 ) (597.334961 896 128 ) (597.334961 896 1216 ) 
4 6 11 0 (832 960 128 ) (860.159851 967.679688 128 ) (860.159851 967.679688 1216 ) (832 960 1216 ) 
4 6 10 0 (860.159851 967.679688 128 ) (960 994.908752 128 ) (960 994.908752 1216 ) (860.159851 967.679688 1216 ) 
4 6 9 0 (597.334045 896 1216 ) (597.333984 896 128 ) (744 936 128 ) (744 936 1216 ) 
4 6 8 0 (940 1176 1216 ) (960 1174.644165 1216 ) (960 1174.644165 128 ) (940 1176 128 ) 
4 6 7 0 (599.992859 1151.996948 128 ) (488 1108.922729 128 ) (488 1108.922729 1216 ) (599.992920 1151.996948 1216 ) 
4 9 12 0 (597.334961 896 128 ) (704 896 128 ) (704 896 1216 ) (597.334961 896 1216 ) 
4 10 11 0 (872.002502 943.998901 1216 ) (860.160156 967.683594 1216 ) (860.160156 967.683533 128 ) (872.002441 943.998901 128 ) 
4 12 13 0 (488 896 128 ) (488 768 128 ) (488 768 1216 ) (488 896 1216 ) 
4 13 14 0 (448 768 320 ) (448 768 1216 ) (448 960 1216 ) (448 960 320 ) 
4 14 26 0 (64 768 640 ) (64 768 320 ) (256 768 320 ) (256 768 640 ) 
4 14 25 0 (64 768 1216 ) (64 768 640 ) (256 768 640 ) (256 768 1216 ) 
4 15 20 0 (1148.003052 748.004639 -32 ) (1161.333252 768 -32 ) (1161.333252 768 640 ) (1148.003052 748.004639 640 ) 
4 15 19 0 (896 584 -32 ) (896 566.667053 -32 ) (896 566.667053 288 ) (896 584 288 ) 
4 15 18 0 (896 768 -32 ) (896 584 -32 ) (896 584 288 ) (896 768 288 ) 
4 15 17 0 (1003.998108 580 -32 ) (1148.015625 748.019531 -32 ) (1148.015625 748.019531 640 ) (1003.998108 580 640 ) 
4 15 16 0 (896 566.667725 640 ) (896 566.667725 -32 ) (920.001892 556 -32 ) (920.001892 556 640 ) 
4 16 19 0 (896 566.667053 -32 ) (896 558 -32 ) (896 558 288 ) (896 566.667053 288 ) 
4 17 23 0 (1036 580 -32 ) (1044 592 -32 ) (1044 592 640 ) (1036 580 640 ) 
4 17 22 0 (1044 592 -32 ) (1079.068481 644.602783 -32 ) (1079.068481 644.602783 640 ) (1044 592 640 ) 
4 17 20 0 (1079.068481 644.602783 -32 ) (1148.003052 748.004639 -32 ) (1148.003052 748.004639 640 ) (1079.068481 644.602783 640 ) 
4 18 27 0 (832 768 288 ) (832 768 -32 ) (832 520 -32 ) (832 520 288 ) 
4 18 19 0 (872 560 -32 ) (896 584 -32 ) (896 584 288 ) (872 560 288 ) 
4 20 30 0 (1224 416 640 ) (1204.800049 416 640 ) (1204.800049 416 -32 ) (1224 416 -32 ) 
4 20 24 0 (1204.800781 416 640 ) (1152 512.003174 640 ) (1152 512.004211 -32 ) (1204.801392 416 -32 ) 
4 20 22 0 (1108.001221 592 640 ) (1079.068359 644.605469 640 ) (1079.068359 644.605408 -32 ) (1108.001343 592 -32 ) 
4 20 21 0 (1224.001831 416 -32 ) (1304 615.997925 -32 ) (1304 615.997925 640 ) (1224.001831 416 640 ) 
4 21 30 0 (1344 416 640 ) (1224 416 640 ) (1224 416 -32 ) (1344 416 -32 ) 
4 22 23 0 (1076 592 640 ) (1044 592 640 ) (1044 592 -32 ) (1076 592 -32 ) 
4 24 31 0 (1185 416 640 ) (1173 416 640 ) (1173 416 -32 ) (1185 416 -32 ) 
4 24 30 0 (1204.800049 416 640 ) (1185 416 640 ) (1185 416 -32 ) (1204.800049 416 -32 ) 
4 25 26 0 (64 768 640 ) (256 768 640 ) (256 448 640 ) (64 448 640 ) 
4 26 41 0 (64 416 320 ) (160 416 320 ) (160 416 640 ) (64 416 640 ) 
4 26 39 0 (160 416 320 ) (256 416 320 ) (256 416 640 ) (160 416 640 ) 
4 27 28 0 (720 612 -32 ) (832 472 -32 ) (832 472 288 ) (720 612 288 ) 
4 28 38 0 (832 416 -32 ) (832 416 288 ) (704 416 288 ) (704 416 -32 ) 
4 28 29 0 (704 416 -32 ) (704 416 288 ) (704 511.998413 288 ) (704 511.998383 -32 ) 
4 29 38 0 (672 416 -32 ) (704 416 -32 ) (704 416 288 ) (672 416 288 ) 
4 30 34 0 (1125 32 -32 ) (1344 32 -32 ) (1344 32 640 ) (1125 32 640 ) 
4 30 31 0 (1185 416 -32 ) (1180 384.002655 -32 ) (1180 384.002075 640 ) (1185 416 640 ) 
4 30 32 0 (1160 256 -32 ) (1125 32 -32 ) (1125 32 640 ) (1160 256 640 ) 
4 32 34 0 (1088 32 -32 ) (1125 32 -32 ) (1125 32 640 ) (1088 32 640 ) 
4 33 42 0 (896 60 -32 ) (896 32 -32 ) (896 32 640 ) (896 60 640 ) 
4 33 34 0 (896 32 -32 ) (972 32 -32 ) (972 32 640 ) (896 32 640 ) 
4 34 42 0 (896 32 -32 ) (896 -160 -32 ) (896 -160 640 ) (896 32 640 ) 
4 35 42 0 (448 128 640 ) (576 128 640 ) (576 128 1264 ) (448 128 1264 ) 
3 35 40 0 (576 128 640 ) (448 128 640 ) (448 192 640 ) 
4 35 36 0 (448 192 640 ) (448 128 640 ) (448 128 1264 ) (448 192 1248 ) 
4 36 42 0 (256 128 640 ) (448 128 640 ) (448 128 1264 ) (256 128 1264 ) 
4 36 40 0 (448 128 640 ) (256 128 640 ) (256 392 640 ) (448 392 640 ) 
4 36 39 0 (256 392 640 ) (256 416 640 ) (448 416 640 ) (448 392 640 ) 
4 36 37 0 (256 416 1192 ) (256 320 1216 ) (448 320 1216 ) (448 416 1192 ) 
4 38 40 0 (640 392 -32 ) (896 392 -32 ) (896 392 640 ) (640 392 640 ) 
4 39 41 0 (136 392 640 ) (160 416 640 ) (160 416 -32 ) (136 392 -32 ) 
4 39 40 0 (136.001968 392 640 ) (136.001953 392 -32 ) (632 392 -32 ) (632 392 640 ) 
4 40 42 0 (-128 128 640 ) (-128 128 -32 ) (896 128 -32 ) (896 128 640 ) 
4 40 41 0 (-104 152 640 ) (136 392 640 ) (136 392 -32 ) (-104 152 -32 ) 
4 42 55 0 (896 -256 -32 ) (896 -256 640 ) (-128 -256 640 ) (-128 -256 -32 ) 
5 42 54 0 (896 -256 640 ) (896 -256 1392 ) (697.143066 -256 1392 ) (256 -256 1301.176392 ) (256 -256 640 ) 
4 42 51 0 (-128 -192 640 ) (-128 -160 640 ) (-128 -160 -32 ) (-128 -192 -32 ) 
4 42 47 0 (-128 0 -32 ) (-128 -18.857101 -32 ) (-128 -18.857109 640 ) (-128 0 640 ) 
4 42 46 0 (-128 -18.857101 -32 ) (-128 -63.279984 -32 ) (-128 -63.279968 640 ) (-128 -18.857109 640 ) 
4 42 45 0 (-128 -63.279984 -32 ) (-128 -160 -32 ) (-128 -160 640 ) (-128 -63.279968 640 ) 
4 42 44 0 (697.142578 -256 1392 ) (697.142578 128 1392 ) (192 128 1288 ) (192 -256 1288 ) 
4 42 43 0 (-24 128 1216 ) (-128 128 1158.799805 ) (-128 -256 1158.799805 ) (-24 -256 1216 ) 
3 44 54 0 (697.143066 -256 1392 ) (256 -256 1392 ) (256 -256 1301.176392 ) 
4 45 51 0 (-128 -160 -32 ) (-128 -160 640 ) (-176 -160 640 ) (-176 -160 -32 ) 
4 45 50 0 (-320 -45.733223 640 ) (-320 2 640 ) (-320 2 -32 ) (-320 -45.733227 -32 ) 
4 45 49 0 (-320 -160 -32 ) (-320 -160 640 ) (-320 -45.733223 640 ) (-320 -45.733227 -32 ) 
4 45 46 0 (-220 -32 640 ) (-128 -63.280029 640 ) (-128 -63.280025 -32 ) (-220 -32 -32 ) 
4 46 47 0 (-136 -20 640 ) (-128 -18.856401 640 ) (-128 -18.856401 -32 ) (-136 -20 -32 ) 
4 48 52 0 (-576 136 -32 ) (-576 136 640 ) (-576 192 640 ) (-576 192 -32 ) 
4 48 49 0 (-440 136 1216 ) (-576 136 1216 ) (-576 136 -32 ) (-440 136 -32 ) 
4 49 52 0 (-576 136 640 ) (-576 136 -32 ) (-576 -64 -32 ) (-576 -64 640 ) 
4 49 50 0 (-375.996582 41.997620 1216 ) (-320 -45.730438 1216 ) (-320 -45.730366 -32 ) (-375.996552 41.997585 -32 ) 
4 52 53 0 (-832 -64 -32 ) (-832 -64 640 ) (-832 192 640 ) (-832 192 -32 ) 
4 53 73 0 (-832 -256 -32 ) (-832 -256 128 ) (-1088 -256 128 ) (-1088 -256 -32 ) 
4 53 72 0 (-832 -256 128 ) (-832 -256 640 ) (-1088 -256 640 ) (-1088 -256 128 ) 
4 54 55 0 (896 -256 640 ) (896 -544 640 ) (256 -544 640 ) (256 -256 640 ) 
4 55 63 0 (-128 -424 -32 ) (-128 -544 -32 ) (-128 -544 216 ) (-128 -424 216 ) 
4 55 60 0 (-128 -544 216 ) (-128 -544 -32 ) (-24 -544 -32 ) (-24 -544 216 ) 
4 55 59 0 (-128 -544 640 ) (-128 -544 320 ) (64 -544 320 ) (64 -544 640 ) 
4 55 56 0 (704 -544 320 ) (896 -544 320 ) (896 -544 640 ) (704 -544 640 ) 
4 56 76 0 (882 -768 320 ) (896 -768 320 ) (896 -768 640 ) (882 -768 640 ) 
4 56 74 0 (704 -768 640 ) (704 -768 320 ) (882 -768 320 ) (882 -768 640 ) 
4 57 84 0 (250.500244 -768 1216 ) (250.500229 -768 320 ) (296 -768 320 ) (296 -768 1216 ) 
4 57 82 0 (296 -768 320 ) (384 -768 320 ) (384 -768 1216 ) (296 -768 1216 ) 
4 57 74 0 (384 -768 320 ) (576 -768 320 ) (576 -768 1216 ) (384 -768 1216 ) 
4 57 58 0 (564.572510 -740.572510 1216 ) (564.572510 -740.572510 320 ) (512.001160 -688.001160 320 ) (512.001160 -688.001160 1216 ) 
4 59 87 0 (-128 -768 640 ) (-128 -768 320 ) (64 -768 320 ) (64 -768 640 ) 
4 60 63 0 (-128 -576 -32 ) (-128 -576 216 ) (-128 -544 216 ) (-128 -544 -32 ) 
4 61 63 0 (-240 -576 216 ) (-256 -576 216 ) (-256 -424 216 ) (-240 -424 216 ) 
4 61 62 0 (-256 -424 320 ) (-256 -424 216 ) (-256 -576 216 ) (-256 -576 320 ) 
4 62 64 0 (-512 -576 216 ) (-512 -576 448 ) (-512 -448 448 ) (-512 -448 216 ) 
4 62 63 0 (-256 -576 216 ) (-512 -576 216 ) (-512 -424 216 ) (-256 -424 216 ) 
4 63 64 0 (-512 -576 128 ) (-512 -576 216 ) (-512 -448 216 ) (-512 -448 128 ) 
4 64 71 0 (-576 -448 128 ) (-576 -576 128 ) (-576 -576 448 ) (-576 -448 448 ) 
4 64 67 0 (-576 -576 448 ) (-576 -576 128 ) (-560 -576 128 ) (-560 -576 448 ) 
4 65 95 0 (-576 -768 640 ) (-576 -768 448 ) (-448 -768 448 ) (-448 -768 640 ) 
4 65 71 0 (-576 -768 448 ) (-576 -768 640 ) (-576 -730.352905 640 ) (-576 -730.352905 448 ) 
3 65 69 0 (-516 -748 448 ) (-448 -768 448 ) (-504.888794 -768 448 ) 
4 65 68 0 (-576 -768 448 ) (-576 -730.352905 448 ) (-516 -748 448 ) (-504.888794 -768 448 ) 
4 65 66 0 (-516 -747.998535 448 ) (-576 -730.351562 448 ) (-576 -730.351562 640 ) (-516 -747.998535 640 ) 
4 66 71 0 (-576 -640 640 ) (-576 -640 448 ) (-576 -730.352905 448 ) (-576 -730.352905 640 ) 
3 66 68 0 (-576 -730.352905 448 ) (-576 -640 448 ) (-516 -748 448 ) 
4 67 71 0 (-576 -584 448 ) (-576 -576 448 ) (-576 -576 128 ) (-576 -584 128 ) 
4 68 95 0 (-504.888824 -768 448 ) (-576 -768 448 ) (-576 -768 128 ) (-504.888794 -768 128 ) 
4 68 71 0 (-576 -768 128 ) (-576 -768 448 ) (-576 -640 448 ) (-576 -640 128 ) 
4 68 69 0 (-504.890930 -768 128 ) (-516.002502 -748 128 ) (-516 -748 448 ) (-504.889526 -768 448 ) 
4 69 95 0 (-448 -768 448 ) (-504.888824 -768 448 ) (-504.888794 -768 128 ) (-448 -768 128 ) 
4 70 72 0 (-832 -320 128 ) (-832 -448 128 ) (-832 -448 640 ) (-832 -320 640 ) 
4 70 71 0 (-832 -448 640 ) (-832 -448 128 ) (-704 -448 128 ) (-704 -448 640 ) 
4 71 95 0 (-576 -768 128 ) (-576 -768 640 ) (-832 -768 640 ) (-832 -768 128 ) 
4 71 72 0 (-832 -448 128 ) (-832 -768 128 ) (-832 -768 640 ) (-832 -448 640 ) 
4 72 97 0 (-908 -768 640 ) (-1088 -768 640 ) (-1088 -768 128 ) (-908 -768 128 ) 
4 72 95 0 (-832 -768 128 ) (-832 -768 640 ) (-908 -768 640 ) (-908 -768 128 ) 
4 72 73 0 (-1088 -640 128 ) (-1088 -256 128 ) (-832 -256 128 ) (-832 -640 128 ) 
4 74 85 0 (384 -960 320 ) (384 -972 320 ) (384 -972 1216 ) (384 -960 1216 ) 
4 74 82 0 (384 -768 1216 ) (384 -768 320 ) (384 -960 320 ) (384 -960 1216 ) 
4 74 79 0 (384 -972 1216 ) (384 -972 320 ) (496 -972 320 ) (496 -972 1216 ) 
4 74 78 0 (613.142761 -972 320 ) (716 -972 320 ) (716 -972 1216 ) (613.142700 -972 1216 ) 
4 74 77 0 (496 -972 320 ) (613.142761 -972 320 ) (613.142700 -972 1216 ) (496 -972 1216 ) 
4 74 76 0 (872.003601 -787.996887 320 ) (882.002075 -768 320 ) (882.002075 -768 1216 ) (872.003601 -787.996887 1216 ) 
4 74 75 0 (780.001953 -972 1216 ) (780.001953 -972 320 ) (815.993164 -900.017700 320 ) (815.993164 -900.017700 1216 ) 
4 77 79 0 (496 -972 1216 ) (496 -972 320 ) (496 -984 320 ) (496 -984 1216 ) 
4 77 78 0 (596.003296 -996 320 ) (613.145691 -972 320 ) (613.145752 -972 1216 ) (596.003357 -996 1216 ) 
4 79 85 0 (384 -972 1216 ) (384 -972 320 ) (384 -984 320 ) (384 -984 1216 ) 
4 79 80 0 (384 -984 1216 ) (384 -984 320 ) (448 -984 320 ) (448 -984 1216 ) 
4 80 85 0 (384 -1024 320 ) (384 -1024 1216 ) (384 -984 1216 ) (384 -984 320 ) 
4 81 102 0 (384 -1216 1216 ) (384 -1216 256 ) (399.998810 -1216 256 ) (399.998840 -1216 1216 ) 
4 81 85 0 (384 -1216 256 ) (384 -1216 1216 ) (384 -1200.001221 1216 ) (384 -1200.001221 256 ) 
4 82 85 0 (384 -960 320 ) (384 -960 1216 ) (296 -960 1216 ) (296 -960 320 ) 
4 82 84 0 (296 -768 1216 ) (296 -768 320 ) (296 -824 320 ) (296 -824 1216 ) 
4 82 83 0 (296 -872 320 ) (296 -960 320 ) (296 -960 1216 ) (296 -872 1216 ) 
4 83 86 0 (244.666733 -960 320 ) (249.599808 -960 320 ) (249.599731 -960 1216 ) (244.666748 -960 1216 ) 
4 83 85 0 (249.599808 -960 320 ) (296 -960 320 ) (296 -960 1216 ) (249.599731 -960 1216 ) 
4 85 102 0 (384 -1216 256 ) (384 -1216 1216 ) (256 -1216 1216 ) (256 -1216 256 ) 
4 85 99 0 (256 -1216 1216 ) (192 -1216 1216 ) (192 -1216 256 ) (256 -1216 256 ) 
4 85 86 0 (249.600769 -960 1216 ) (249.600784 -960 256 ) (240 -968 256 ) (240 -968 1216 ) 
4 87 91 0 (-128 -788 320 ) (-128 -1024 320 ) (-128 -1024 1216 ) (-128 -788 1216 ) 
4 87 90 0 (-128 -768 1216 ) (-128 -768 320 ) (-128 -788 320 ) (-128 -788 1216 ) 
4 87 88 0 (-104.003922 -1024 1216 ) (-104.003906 -1024 320 ) (16 -943.997925 320 ) (16 -943.997864 1216 ) 
4 89 92 0 (-320 -768 640 ) (-320 -768 128 ) (-320 -788 128 ) (-320 -788 640 ) 
4 89 91 0 (-320 -788 1216 ) (-320 -788 128 ) (-232 -788 128 ) (-232 -788 1216 ) 
4 90 91 0 (-220 -788 128 ) (-128 -788 128 ) (-128 -788 1216 ) (-220 -788 1216 ) 
4 91 94 0 (-320 -788 128 ) (-320 -1024 128 ) (-320 -1024 640 ) (-320 -788 640 ) 
4 92 94 0 (-368 -788 128 ) (-320 -788 128 ) (-320 -788 640 ) (-368 -788 640 ) 
4 93 95 0 (-384 -786.823486 128 ) (-384 -788 128 ) (-384 -788 640 ) (-384 -786.823486 640 ) 
4 93 94 0 (-384 -788 640 ) (-384 -788 128 ) (-380 -788 128 ) (-380 -788 640 ) 
4 94 95 0 (-384 -788 128 ) (-384 -1024 128 ) (-384 -1024 640 ) (-384 -788 640 ) 
4 95 98 0 (-384 -1216 256 ) (-384 -1216 640 ) (-575.998352 -1216 640 ) (-575.998352 -1216 256 ) 
4 95 97 0 (-908 -768 640 ) (-908 -768 128 ) (-1024 -1000 128 ) (-1024 -1000 640 ) 
4 95 96 0 (-1036.696411 -1025.391479 640 ) (-1036.696411 -1025.391479 128 ) (-736 -1152 128 ) (-736 -1152 640 ) 
4 98 103 0 (-304.002502 -1440 256 ) (-128 -1369.599487 256 ) (-128 -1369.599487 1216 ) (-304.002533 -1440 1216 ) 
4 98 101 0 (-128 -1369.601562 1216 ) (-128 -1369.601562 256 ) (-304.002502 -1264 256 ) (-304.002472 -1264 1216 ) 
4 98 100 0 (-304.002502 -1264 256 ) (-344.002594 -1240 256 ) (-344.002563 -1240 1216 ) (-304.002472 -1264 1216 ) 
4 99 102 0 (135.997864 -1264 256 ) (255.997864 -1216 256 ) (255.997833 -1216 1216 ) (135.997864 -1264 1216 ) 
4 99 101 0 (16 -1264 256 ) (136 -1264 256 ) (136 -1264 1216 ) (16 -1264 1216 ) 
4 100 101 0 (-304 -1264 1216 ) (-304 -1264 256 ) (0 -1264 256 ) (0 -1264 1216 ) 
4 101 103 0 (-128 -1369.599487 256 ) (-64 -1344 256 ) (-64 -1344 1216 ) (-128 -1369.599487 1216 ) 
4 101 102 0 (-64 -1344 256 ) (135.997864 -1264 256 ) (135.997864 -1264 1216 ) (-64 -1344 1216 ) 
4 102 104 0 (281.604675 -1433.595947 1216 ) (281.604675 -1433.595947 256 ) (383.986481 -1280.023926 256 ) (383.986481 -1280.023926 1216 ) 
4 102 103 0 (-64.003845 -1343.996216 1216 ) (-64.003906 -1343.996094 256 ) (16 -1424 256 ) (16 -1424 1216 ) 
4 0 (960 896 1216 ) (960 896 128 ) (1088 896 128 ) (1088 896 1216 ) 
4 0 (1344 896 640 ) (1344 896 1216 ) (1088 896 1216 ) (1088 896 640 ) 
6 0 (1344 896 128 ) (960 896 128 ) (960 1184 128 ) (1017.600403 1280 128 ) (1024 1280 128 ) (1344 1013.333496 128 ) 
4 0 (1071.995605 1240 128 ) (1023.996155 1280 128 ) (1023.996094 1280 1216 ) (1071.995483 1240 1216 ) 
4 0 (972.002686 1204.002686 1216 ) (984 1224 1216 ) (984 1223.998901 128 ) (972.003906 1204.003906 128 ) 
6 0 (1344 1013.333496 1216 ) (1024 1280 1216 ) (1017.600403 1280 1216 ) (960 1184 1216 ) (960 896 1216 ) (1344 896 1216 ) 
4 0 (1017.600403 1280 1216 ) (1024 1280 1216 ) (1024 1280 128 ) (1017.600403 1280 128 ) 
4 0 (1344 896 128 ) (1344 1013.333496 128 ) (1344 1013.333496 1216 ) (1344 896 1216 ) 
4 1 (960 1280 128 ) (960 1256 128 ) (960 1256 1216 ) (960 1280 1216 ) 
4 1 (960 1256 128 ) (960 1280 128 ) (1017.600403 1280 128 ) (984 1224 128 ) 
4 1 (984.003906 1224 128 ) (984.003906 1224 1216 ) (960 1256.005005 1216 ) (960 1256.005005 128 ) 
4 1 (1017.600403 1280 1216 ) (1017.600403 1280 128 ) (960 1280 128 ) (960 1280 1216 ) 
4 1 (984 1224 1216 ) (1017.600403 1280 1216 ) (960 1280 1216 ) (960 1256 1216 ) 
3 2 (960 1184 128 ) (960 1192 128 ) (972 1204 128 ) 
3 2 (972 1204 1216 ) (960 1192 1216 ) (960 1184 1216 ) 
4 2 (972 1204 1216 ) (972 1204 128 ) (960 1192 128 ) (960 1192 1216 ) 
4 3 (1344 1216 128 ) (1344 1013.333496 128 ) (1126 1195 128 ) (1264 1264 128 ) 
4 3 (1200 1232 1216 ) (1264 1264 1216 ) (1264 1264 128 ) (1200 1232 128 ) 
4 3 (1344 1013.333496 128 ) (1344 1216 128 ) (1344 1216 1216 ) (1344 1013.333496 1216 ) 
4 3 (1264 1264 1216 ) (1126 1195 1216 ) (1344 1013.333496 1216 ) (1344 1216 1216 ) 
4 3 (1344 1215.998779 1216 ) (1344 1215.998779 128 ) (1263.998047 1264 128 ) (1263.998047 1264 1216 ) 
3 4 (1200 1232 128 ) (1126 1195 128 ) (1072 1240 128 ) 
3 4 (1072 1240 1216 ) (1126 1195 1216 ) (1200 1232 1216 ) 
4 4 (1199.996216 1232 1216 ) (1199.996094 1232 128 ) (1072 1240 128 ) (1072 1240 1216 ) 
4 5 (1088 896 640 ) (1088 896 -32 ) (1088 768 -32 ) (1088 768 640 ) 
4 5 (1296 768 640 ) (1344 896 640 ) (1088 896 640 ) (1088 768 640 ) 
4 5 (1296 768 -32 ) (1088 768 -32 ) (1088 896 -32 ) (1344 896 -32 ) 
4 5 (1088 896 128 ) (1344 896 128 ) (1344 896 -32 ) (1088 896 -32 ) 
4 5 (1344 895.996094 -32 ) (1344 895.996094 640 ) (1296.001465 768 640 ) (1296.001465 768 -32 ) 
6 6 (960 1174.644287 128 ) (960 994.908447 128 ) (597.334961 896 128 ) (488 896 128 ) (488 1108.922852 128 ) (704 1192 128 ) 
4 6 (488 1108.922852 128 ) (488 1008 128 ) (488 1008 1216 ) (488 1108.922852 1216 ) 
4 6 (744 936 128 ) (832 960 128 ) (832 960 1216 ) (744 936 1216 ) 
4 6 (704 1192 1216 ) (940 1176 1216 ) (940 1176 128 ) (704 1192 128 ) 
4 6 (703.998108 1192 1216 ) (703.998047 1192 128 ) (599.992859 1151.996948 128 ) (599.992920 1151.996948 1216 ) 
6 6 (960 1174.644287 1216 ) (704 1192 1216 ) (488 1108.922852 1216 ) (488 896 1216 ) (597.343750 896 1216 ) (960 994.906250 1216 ) 
3 7 (488 1108.922852 128 ) (488 1112 128 ) (599.990784 1151.996216 128 ) 
4 7 (488 1112 128 ) (488 1108.922852 128 ) (488 1108.922852 1216 ) (488 1112 1216 ) 
3 7 (599.990784 1151.996216 1216 ) (488 1112 1216 ) (488 1108.922852 1216 ) 
4 7 (599.990295 1151.995117 1216 ) (599.990234 1151.995117 128 ) (488 1111.998535 128 ) (488 1111.998535 1216 ) 
3 8 (960 1192 128 ) (960 1174.644287 128 ) (940 1176 128 ) 
3 8 (940 1176 1216 ) (960 1174.644287 1216 ) (960 1192 1216 ) 
4 8 (960 1191.996094 128 ) (940.007812 1176.003906 128 ) (940.007812 1176.003906 1216 ) (960 1191.997681 1216 ) 
3 9 (704 896 128 ) (597.334961 896 128 ) (744 936 128 ) 
4 9 (743.996155 935.996155 128 ) (743.996094 935.996094 1216 ) (704 896 1216 ) (704 896 128 ) 
3 9 (743.996094 935.996033 1216 ) (597.343750 896 1216 ) (704 896 1216 ) 
4 10 (960 994.908447 128 ) (960 896 128 ) (896 896 128 ) (860.159973 967.679382 128 ) 
4 10 (896 896 128 ) (960 896 128 ) (960 896 1216 ) (896 896 1216 ) 
4 10 (896.001892 896 128 ) (896.001953 896 1216 ) (872.002502 943.998901 1216 ) (872.002441 943.998901 128 ) 
4 10 (960 994.906067 1216 ) (860.161011 967.677307 1216 ) (896 896 1216 ) (960 896 1216 ) 
3 11 (832 960 128 ) (860.159973 967.679382 128 ) (872 944 128 ) 
3 11 (872 944 1216 ) (860.161011 967.677307 1216 ) (832.004272 959.998230 1216 ) 
4 11 (872 944 128 ) (872 944 1216 ) (832.001099 960 1216 ) (832.001099 960 128 ) 
4 12 (488 768 288 ) (488 768 128 ) (616 768 128 ) (616 768 288 ) 
4 12 (488 768 640 ) (488 768 320 ) (616 768 320 ) (616 768 640 ) 
4 12 (488 768 320 ) (488 768 288 ) (616 768 288 ) (616 768 320 ) 
4 12 (616 768 1216 ) (488 768 1216 ) (488 768 640 ) (616 768 640 ) 
5 12 (616 768 128 ) (488 768 128 ) (488 896 128 ) (704 896 128 ) (671.998779 823.998779 128 ) 
4 12 (671.998779 823.998779 1216 ) (616 768 1216 ) (616 768 128 ) (671.998779 823.998779 128 ) 
5 12 (616 768 1216 ) (671.998779 823.998779 1216 ) (704 896 1216 ) (488 896 1216 ) (488 768 1216 ) 
4 12 (671.997986 823.996033 1216 ) (671.998047 823.996094 128 ) (704 896 128 ) (704 896 1216 ) 
4 13 (448 768 288 ) (448 768 128 ) (488 768 128 ) (488 768 288 ) 
4 13 (448 768 640 ) (448 768 320 ) (488 768 320 ) (488 768 640 ) 
4 13 (448 768 320 ) (448 768 288 ) (488 768 288 ) (488 768 320 ) 
4 13 (448 768 1216 ) (448 768 640 ) (488 768 640 ) (488 768 1216 ) 
4 13 (488 1008 128 ) (488 768 128 ) (448 768 128 ) (448 960 128 ) 
4 13 (448 960 128 ) (448 768 128 ) (448 768 320 ) (448 960 320 ) 
4 13 (488 768 1216 ) (488 1008 1216 ) (448 960 1216 ) (448 768 1216 ) 
4 13 (448 960 128 ) (448 960 1216 ) (488 1008 1216 ) (488 1008 128 ) 
4 14 (256 768 320 ) (448 768 320 ) (448 768 640 ) (256 768 640 ) 
4 14 (256 768 640 ) (448 768 640 ) (448 768 1216 ) (256 768 1216 ) 
4 14 (64 768 320 ) (64 768 1216 ) (64 960 1216 ) (64 960 320 ) 
4 14 (64 768 320 ) (64 960 320 ) (448 960 320 ) (448 768 320 ) 
4 14 (448 960 1216 ) (448 960 320 ) (64 960 320 ) (64 960 1216 ) 
4 14 (448 768 1216 ) (448 960 1216 ) (64 960 1216 ) (64 768 1216 ) 
4 15 (896 566.667053 288 ) (896 566.667053 640 ) (896 768 640 ) (896 768 288 ) 
4 15 (979.996338 551.998718 -32 ) (1003.998108 580 -32 ) (1003.998108 580 640 ) (979.996338 551.998718 640 ) 
4 15 (920.001892 556 -32 ) (956 540 -32 ) (956 540 640 ) (920.001892 556 640 ) 
6 15 (896 768 640 ) (896 566.667053 640 ) (956 540 640 ) (980 552 640 ) (1148.015015 748.018555 640 ) (1161.335938 768 640 ) 
4 15 (896 768 -32 ) (896 768 128 ) (960 768 128 ) (960 768 -32 ) 
4 15 (896 768 128 ) (896 768 640 ) (960 768 640 ) (960 768 128 ) 
4 15 (1088 768 640 ) (1088 768 -32 ) (960 768 -32 ) (960 768 640 ) 
6 15 (896 566.667053 -32 ) (896 768 -32 ) (1161.333374 768 -32 ) (1148.003418 748.005005 -32 ) (980 552 -32 ) (956 540 -32 ) 
4 15 (956 540.001953 640 ) (956 540.001953 -32 ) (980.002747 552.003357 -32 ) (980.002747 552.003357 640 ) 
4 16 (896 558 288 ) (896 558 640 ) (896 566.667053 640 ) (896 566.667053 288 ) 
3 16 (920 556 640 ) (896 566.667053 640 ) (896 558 640 ) 
3 16 (896 558 -32 ) (896 566.667053 -32 ) (920 556 -32 ) 
4 16 (896 558.001099 640 ) (896 558.001099 -32 ) (919.994141 556.001465 -32 ) (919.994141 556.001465 640 ) 
4 17 (1028 568 -32 ) (1036 580 -32 ) (1036 580 640 ) (1028 568 640 ) 
3 17 (1004 580 -32 ) (1148.003418 748.005005 -32 ) (1028 568 -32 ) 
3 17 (1004 580 640 ) (1028.001831 567.998779 640 ) (1148.015015 748.018555 640 ) 
4 17 (1004.001953 580 640 ) (1004.001953 580 -32 ) (1028 567.998047 -32 ) (1028 567.998047 640 ) 
4 18 (832 520 -32 ) (872 560 -32 ) (872 560 288 ) (832 520 288 ) 
4 18 (832 520 -32 ) (832 768 -32 ) (896 768 -32 ) (896 584 -32 ) 
4 18 (896 768 288 ) (896 768 128 ) (832 768 128 ) (832 768 288 ) 
4 18 (896 768 -32 ) (832 768 -32 ) (832 768 128 ) (896 768 128 ) 
5 18 (832 768 288 ) (832 563.333679 288 ) (872 560 288 ) (896 584 288 ) (896 768 288 ) 
3 18 (872 560 288 ) (832 563.333679 288 ) (832 520 288 ) 
3 19 (872 560 288 ) (896 558 288 ) (896 584 288 ) 
3 19 (872 560 -32 ) (896 584 -32 ) (896 558 -32 ) 
4 19 (872.001953 560 288 ) (872.001953 560 -32 ) (896 558 -32 ) (896 558 288 ) 
4 20 (1152 512.003174 640 ) (1108.001221 592 640 ) (1108.001343 592 -32 ) (1152 512.004211 -32 ) 
4 20 (1304 615.997925 -32 ) (1320 655.997314 -32 ) (1320 655.997314 640 ) (1304 615.997925 640 ) 
6 20 (1320 656 640 ) (1296 768 640 ) (1161.333374 768 640 ) (1079.068481 644.602661 640 ) (1204.800049 416 640 ) (1224 416 640 ) 
6 20 (1224 416 -32 ) (1204.800049 416 -32 ) (1079.068481 644.602661 -32 ) (1161.333374 768 -32 ) (1296 768 -32 ) (1320 656 -32 ) 
4 20 (1320 656.001953 640 ) (1320 656.001953 -32 ) (1296 768 -32 ) (1296 768 640 ) 
4 21 (1344 520 640 ) (1304 616 640 ) (1224 416 640 ) (1344 416 640 ) 
4 21 (1344 416 -32 ) (1224 416 -32 ) (1304 616 -32 ) (1344 520 -32 ) 
4 21 (1344 416 -32 ) (1344 520 -32 ) (1344 520 640 ) (1344 416 640 ) 
4 21 (1344 520 640 ) (1344 520 -32 ) (1304 616 -32 ) (1304 616 640 ) 
4 22 (1108 592 -32 ) (1108 592 640 ) (1076 592 640 ) (1076 592 -32 ) 
3 22 (1108 592 640 ) (1079.068481 644.602661 640 ) (1044 592 640 ) 
3 22 (1044 592 -32 ) (1079.068481 644.602661 -32 ) (1108 592 -32 ) 
4 23 (1075.998047 592 -32 ) (1075.998047 592 640 ) (1036 580 640 ) (1036 580 -32 ) 
3 23 (1036 580 -32 ) (1044 592 -32 ) (1076 592 -32 ) 
3 23 (1076 592 640 ) (1044 592 640 ) (1036 580 640 ) 
3 24 (1152 512 640 ) (1173 416 640 ) (1204.800049 416 640 ) 
3 24 (1204.800049 416 -32 ) (1173 416 -32 ) (1152 512 -32 ) 
4 24 (1152 512 640 ) (1152 512 -32 ) (1173 416 -32 ) (1173 416 640 ) 
4 25 (64 448 1216 ) (64 448 640 ) (256 448 640 ) (256 448 1216 ) 
4 25 (256 448 1216 ) (256 448 640 ) (256 768 640 ) (256 768 1216 ) 
4 25 (64 768 1216 ) (64 768 640 ) (64 448 640 ) (64 448 1216 ) 
4 25 (256 768 1216 ) (64 768 1216 ) (64 448 1216 ) (256 448 1216 ) 
4 26 (256 768 640 ) (256 416 640 ) (256 416 320 ) (256 768 320 ) 
4 26 (64 448 640 ) (64 416 640 ) (256 416 640 ) (256 448 640 ) 
4 26 (64 768 320 ) (256 768 320 ) (256 416 320 ) (64 416 320 ) 
4 26 (64 768 320 ) (64 416 320 ) (64 416 640 ) (64 768 640 ) 
4 27 (704 632 288 ) (704 640 288 ) (704 640 -32 ) (704 632 -32 ) 
4 27 (704 632 288 ) (704 632 -32 ) (720 612 -32 ) (720 612 288 ) 
5 27 (704 640 288 ) (704 632 288 ) (832 472 288 ) (832 768 288 ) (828 768 288 ) 
4 27 (832 768 -32 ) (828 768 -32 ) (828 768 128 ) (832 768 128 ) 
4 27 (828 768 288 ) (832 768 288 ) (832 768 128 ) (828 768 128 ) 
4 27 (832 520 288 ) (832 472 288 ) (832 472 -32 ) (832 520 -32 ) 
5 27 (704 632 -32 ) (704 640 -32 ) (828 768 -32 ) (832 768 -32 ) (832 472 -32 ) 
4 27 (828.003906 768 -32 ) (704 639.996094 -32 ) (704 639.996094 288 ) (828.003784 768 288 ) 
5 28 (720 612 288 ) (704 511.998413 288 ) (704 416 288 ) (832 416 288 ) (832 472 288 ) 
4 28 (832 472 288 ) (832 416 288 ) (832 416 -32 ) (832 472 -32 ) 
5 28 (704 416 -32 ) (704 511.998413 -32 ) (720 612 -32 ) (832 472 -32 ) (832 416 -32 ) 
4 28 (720 612 288 ) (720 612 -32 ) (704 511.997223 -32 ) (704 511.997223 288 ) 
3 29 (704 512 -32 ) (704 416 -32 ) (672 416 -32 ) 
3 29 (672 416 288 ) (704 416 288 ) (704 512 288 ) 
4 29 (704 511.996124 288 ) (704 511.996094 -32 ) (672.001282 416 -32 ) (672.001953 416 288 ) 
4 30 (1180 384.002655 -32 ) (1160 256 -32 ) (1160 256 640 ) (1180 384.002075 640 ) 
4 30 (1125 32 640 ) (1344 32 640 ) (1344 416 640 ) (1185 416 640 ) 
4 30 (1185 416 -32 ) (1344 416 -32 ) (1344 32 -32 ) (1125 32 -32 ) 
4 30 (1344 416 640 ) (1344 32 640 ) (1344 32 -32 ) (1344 416 -32 ) 
3 31 (1173 416 -32 ) (1185 416 -32 ) (1180 384 -32 ) 
3 31 (1180 384 640 ) (1185 416 640 ) (1173 416 640 ) 
4 31 (1173 416 -32 ) (1180 383.997986 -32 ) (1180 383.998016 640 ) (1173 416 640 ) 
4 32 (1088 60 -32 ) (1088 32 -32 ) (1088 32 640 ) (1088 60 640 ) 
4 32 (1088 256 -32 ) (1088 60 -32 ) (1088 60 640 ) (1088 256 640 ) 
4 32 (1159.998047 256 640 ) (1159.998047 256 -32 ) (1088 256 -32 ) (1088 256 640 ) 
4 32 (1088 256 640 ) (1088 32 640 ) (1125 32 640 ) (1160 256 640 ) 
4 32 (1160 256 -32 ) (1125 32 -32 ) (1088 32 -32 ) (1088 256 -32 ) 
4 33 (896 60 640 ) (972 60 640 ) (972 60 -32 ) (896 60 -32 ) 
4 33 (972 32 640 ) (972 60 640 ) (896 60 640 ) (896 32 640 ) 
4 33 (896 32 -32 ) (896 60 -32 ) (972 60 -32 ) (972 32 -32 ) 
4 33 (972 32 640 ) (972 32 -32 ) (972 60 -32 ) (972 60 640 ) 
4 34 (1223.998047 -160 640 ) (1223.998047 -160 -32 ) (1304.001953 -119.998047 -32 ) (1304.001953 -119.998047 640 ) 
4 34 (896 -160 -32 ) (1223.998901 -160 -32 ) (1223.998901 -160 640 ) (896 -160 640 ) 
4 34 (972 32 640 ) (1088 32 640 ) (1088 32 -32 ) (972 32 -32 ) 
6 34 (896 -160 -32 ) (896 32 -32 ) (1344 32 -32 ) (1344 -64 -32 ) (1304 -120 -32 ) (1223.998901 -160 -32 ) 
6 34 (1223.998901 -160 640 ) (1304 -120 640 ) (1344 -64 640 ) (1344 32 640 ) (896 32 640 ) (896 -160 640 ) 
4 34 (1304 -120 -32 ) (1344 -64 -32 ) (1344 -64 640 ) (1304 -120 640 ) 
4 34 (1344 -64 640 ) (1344 -64 -32 ) (1344 32 -32 ) (1344 32 640 ) 
3 35 (448 192 1248 ) (448 128 1264 ) (576 128 1264 ) 
4 35 (575.996094 128 640 ) (448 191.998062 640 ) (448 191.998047 1248 ) (575.995972 128 1264 ) 
4 36 (256 320 1216 ) (256 128 1264 ) (448 128 1264 ) (448 320 1216 ) 
4 36 (256 416 1192 ) (448 416 1192 ) (448 416 640 ) (256 416 640 ) 
4 36 (256 416 1192 ) (256 416 640 ) (256 128 640 ) (256 128 1264 ) 
4 36 (448 192 1248 ) (448 192 640 ) (448 416 640 ) (448 416 1192 ) 
3 37 (448 320 1216 ) (448 416 1192 ) (448 416 1216 ) 
3 37 (256 416 1216 ) (256 416 1192 ) (256 320 1216 ) 
4 37 (256 416 1192 ) (256 416 1216 ) (448 416 1216 ) (448 416 1192 ) 
4 37 (448 416 1216 ) (256 416 1216 ) (256 320 1216 ) (448 320 1216 ) 
4 38 (671.995911 416 -32 ) (639.996094 392 -32 ) (639.996155 392 640 ) (671.996155 416 640 ) 
4 38 (896 392 -32 ) (640 392 -32 ) (672 416 -32 ) (896 416 -32 ) 
4 38 (640 392 640 ) (896 392 640 ) (896 416 640 ) (672 416 640 ) 
4 38 (896 392 640 ) (896 392 -32 ) (896 416 -32 ) (896 416 640 ) 
4 38 (672 416 640 ) (832 416 640 ) (832 416 320 ) (672 416 320 ) 
4 38 (672 416 320 ) (832 416 320 ) (832 416 288 ) (672 416 288 ) 
4 38 (896 416 288 ) (896 416 -32 ) (832 416 -32 ) (832 416 288 ) 
4 38 (896 416 640 ) (896 416 288 ) (832 416 288 ) (832 416 640 ) 
4 39 (160 416 320 ) (448 416 320 ) (448 416 288 ) (160 416 288 ) 
4 39 (256 416 640 ) (448 416 640 ) (448 416 320 ) (256 416 320 ) 
4 39 (160 416 288 ) (448 416 288 ) (448 416 -32 ) (160 416 -32 ) 
4 39 (256 392 640 ) (256 416 640 ) (160 416 640 ) (136 392 640 ) 
3 39 (632 392 640 ) (448 416 640 ) (448 392 640 ) 
4 39 (632 392 -32 ) (136.003906 392 -32 ) (160.003906 416 -32 ) (448 416 -32 ) 
4 39 (632.001160 392 640 ) (632.001160 392 -32 ) (448 416 -32 ) (448 416 640 ) 
4 40 (-128 128 -32 ) (-128 128 640 ) (-104 152 640 ) (-104 152 -32 ) 
4 40 (896 392 640 ) (896 128 640 ) (896 128 -32 ) (896 392 -32 ) 
4 40 (256 392 640 ) (136 392 640 ) (-128 128 640 ) (256 128 640 ) 
5 40 (896 392 640 ) (448 392 640 ) (448 192 640 ) (576 128 640 ) (896 128 640 ) 
4 40 (632 392 640 ) (640 392 640 ) (640 392 -32 ) (632 392 -32 ) 
4 40 (896 128 -32 ) (-128 128 -32 ) (136 392 -32 ) (896 392 -32 ) 
5 41 (-55.990601 288.026611 -32 ) (-16.003906 368 -32 ) (63.996056 416 -32 ) (160 416 -32 ) (-104 152 -32 ) 
4 41 (-56 288 640 ) (-16 368 640 ) (-16 368 -32 ) (-56 288 -32 ) 
4 41 (64 416 320 ) (160 416 320 ) (160 416 288 ) (64 416 288 ) 
4 41 (64 416 288 ) (160 416 288 ) (160 416 -32 ) (64 416 -32 ) 
5 41 (-104 152 640 ) (160 416 640 ) (64 416 640 ) (-16 368 640 ) (-56 288 640 ) 
4 41 (-16.003904 368.001953 -32 ) (-16.003944 368.001923 640 ) (63.992668 416 640 ) (63.992672 416 -32 ) 
4 41 (-56.006138 287.987488 640 ) (-56.006142 287.987488 -32 ) (-104.002686 151.997284 -32 ) (-104.002678 151.997314 640 ) 
5 42 (256 -256 1301.176392 ) (56 -256 1260 ) (-128 -256 1158.800171 ) (-128 -256 640 ) (256 -256 640 ) 
4 42 (-128 -256 -32 ) (-128 -256 640 ) (-128 -192 640 ) (-128 -192 -32 ) 
4 42 (-128 -256 640 ) (-128 -256 1158.800171 ) (-128 -160 1158.800171 ) (-128 -160 640 ) 
4 42 (-128 128 640 ) (-128 128 -32 ) (-128 0 -32 ) (-128 0 640 ) 
4 42 (-128 -160 1158.800171 ) (-128 128 1158.800171 ) (-128 128 640 ) (-128 -160 640 ) 
4 42 (192 128 1288 ) (56 128 1260 ) (56 -256 1260 ) (192 -256 1288 ) 
4 42 (56.003906 -256 1260.001953 ) (56.003906 128 1260.001953 ) (-24 128 1216 ) (-24 -256 1216 ) 
4 42 (697.143066 -256 1392 ) (896 -256 1392 ) (896 128 1392 ) (697.143066 128 1392 ) 
4 42 (256 128 1264 ) (256 128 1301.176392 ) (448 128 1340.705933 ) (448 128 1264 ) 
4 42 (576 128 1264 ) (896 128 1264 ) (896 128 640 ) (576 128 640 ) 
5 42 (448 128 1264 ) (448 128 1340.705933 ) (697.142883 128 1392 ) (896 128 1392 ) (896 128 1264 ) 
5 42 (56 128 1260 ) (256 128 1301.176514 ) (256 128 640 ) (-128 128 640 ) (-128 128 1158.800171 ) 
4 42 (896 128 1392 ) (896 -256 1392 ) (896 -256 640 ) (896 128 640 ) 
4 42 (896 128 640 ) (896 60 640 ) (896 60 -32 ) (896 128 -32 ) 
4 42 (896 -160 640 ) (896 -256 640 ) (896 -256 -32 ) (896 -160 -32 ) 
4 42 (-128 -256 -32 ) (-128 128 -32 ) (896 128 -32 ) (896 -256 -32 ) 
3 43 (-128 -256 1216 ) (-128 -256 1158.800171 ) (-24 -256 1216 ) 
4 43 (-128 -256 1158.800171 ) (-128 -256 1216 ) (-128 -160 1216 ) (-128 -160 1158.800171 ) 
4 43 (-128 -160 1216 ) (-128 128 1216 ) (-128 128 1158.800171 ) (-128 -160 1158.800171 ) 
3 43 (-24 128 1216 ) (-128 128 1158.800171 ) (-128 128 1216 ) 
4 43 (-24 -256 1216 ) (-24 128 1216 ) (-128 128 1216 ) (-128 -256 1216 ) 
4 44 (256 -256 1392 ) (192 -256 1392 ) (192 -256 1288 ) (256 -256 1301.176392 ) 
4 44 (192 128 1392 ) (256 128 1392 ) (256 128 1301.176514 ) (192 128 1288 ) 
3 44 (448 128 1340.705933 ) (448 128 1392 ) (697.142883 128 1392 ) 
4 44 (256 128 1301.176392 ) (256 128 1392 ) (448 128 1392 ) (448 128 1340.705933 ) 
4 44 (192 -256 1392 ) (697.143066 -256 1392 ) (697.143066 128 1392 ) (192 128 1392 ) 
4 44 (192 128 1288.001953 ) (192 -256 1288.001953 ) (192 -256 1392 ) (192 128 1392 ) 
4 45 (-176 -160 640 ) (-320 -160 640 ) (-320 -160 -32 ) (-176 -160 -32 ) 
4 45 (-320 2 -32 ) (-320 2 640 ) (-220 -32 640 ) (-220 -32 -32 ) 
4 45 (-128 -63.279968 640 ) (-320 2 640 ) (-320 -160 640 ) (-128 -160 640 ) 
4 45 (-320 -160 -32 ) (-320 2 -32 ) (-128 -63.280045 -32 ) (-128 -160 -32 ) 
4 46 (-220.001953 -32 -32 ) (-220.001968 -32 640 ) (-136 -20 640 ) (-136 -20 -32 ) 
3 46 (-220 -32 640 ) (-128 -63.279968 640 ) (-128 -18.857117 640 ) 
3 46 (-128 -63.279152 -32 ) (-219.996094 -32 -32 ) (-128 -18.857727 -32 ) 
4 47 (-136 -20 -32 ) (-136 -20 640 ) (-128 0 640 ) (-128 0 -32 ) 
3 47 (-136 -20 640 ) (-128 -18.857117 640 ) (-128 0 640 ) 
3 47 (-128 -18.857422 -32 ) (-136 -20 -32 ) (-128 0 -32 ) 
4 48 (-576 136 640 ) (-576 136 1216 ) (-576 192 1216 ) (-576 192 640 ) 
4 48 (-440.001923 136 1216 ) (-440.001953 136 -32 ) (-568 192 -32 ) (-568 192 1216 ) 
4 48 (-576 136 1216 ) (-440 136 1216 ) (-568 192 1216 ) (-576 192 1216 ) 
4 48 (-568 192 1216 ) (-568 192 -32 ) (-576 192 -32 ) (-576 192 1216 ) 
4 48 (-576 192 -32 ) (-568.007812 192 -32 ) (-440.007812 136 -32 ) (-576 136 -32 ) 
4 49 (-576 -160 -32 ) (-576 -160 640 ) (-576 -64 640 ) (-576 -64 -32 ) 
4 49 (-576 -160 640 ) (-576 -160 1216 ) (-576 -64 1216 ) (-576 -64 640 ) 
4 49 (-576 -64 1216 ) (-576 136 1216 ) (-576 136 640 ) (-576 -64 640 ) 
4 49 (-576 -160 640 ) (-576 -160 -32 ) (-320 -160 -32 ) (-320 -160 640 ) 
4 49 (-576 -160 1216 ) (-576 -160 640 ) (-320 -160 640 ) (-320 -160 1216 ) 
4 49 (-435.998047 136 -32 ) (-435.998077 136 1216 ) (-375.996582 41.997620 1216 ) (-375.996552 41.997585 -32 ) 
4 49 (-436 136 -32 ) (-440 136 -32 ) (-440 136 1216 ) (-436 136 1216 ) 
5 49 (-436 136 1216 ) (-576 136 1216 ) (-576 -160 1216 ) (-320 -160 1216 ) (-320 -45.733215 1216 ) 
4 49 (-320 -45.733215 1216 ) (-320 -160 1216 ) (-320 -160 640 ) (-320 -45.733215 640 ) 
5 49 (-576 136 -32 ) (-436.003906 136 -32 ) (-320 -45.739548 -32 ) (-320 -160 -32 ) (-576 -160 -32 ) 
4 50 (-375.998047 41.996094 -32 ) (-375.998077 41.996094 1216 ) (-320 1.997459 1216 ) (-320 1.997507 -32 ) 
4 50 (-320 2 1216 ) (-320 -45.733215 1216 ) (-320 -45.733215 640 ) (-320 2 640 ) 
3 50 (-376 42 1216 ) (-320 -45.733215 1216 ) (-320 2 1216 ) 
3 50 (-320 -45.730469 -32 ) (-376 41.996094 -32 ) (-320 1.996086 -32 ) 
4 51 (-128 -192 -32 ) (-128 -192 640 ) (-176 -160 640 ) (-176 -160 -32 ) 
3 51 (-128 -192 640 ) (-128 -160 640 ) (-176 -160 640 ) 
3 51 (-128 -192.003906 -32 ) (-176.007812 -160 -32 ) (-128 -160 -32 ) 
4 52 (-832 -64 640 ) (-832 -64 -32 ) (-576 -64 -32 ) (-576 -64 640 ) 
4 52 (-576 192 640 ) (-832 192 640 ) (-832 -64 640 ) (-576 -64 640 ) 
4 52 (-576 192 640 ) (-576 192 -32 ) (-832 192 -32 ) (-832 192 640 ) 
4 52 (-576 -64 -32 ) (-832 -64 -32 ) (-832 192 -32 ) (-576 192 -32 ) 
5 53 (-832 -256 640 ) (-832 192.003845 640 ) (-992 136.003906 640 ) (-1088 -56 640 ) (-1088 -256 640 ) 
4 53 (-1088 -56 -32 ) (-1088 -56 640 ) (-992 136 640 ) (-992 136 -32 ) 
4 53 (-832 -64 -32 ) (-832 -64 640 ) (-832 -256 640 ) (-832 -256 -32 ) 
4 53 (-1088 -256 -32 ) (-1088 -256 640 ) (-1088 -56 640 ) (-1088 -56 -32 ) 
4 53 (-832 192.001923 640 ) (-832 192.001923 -32 ) (-992.001953 136 -32 ) (-992.001953 136 640 ) 
5 53 (-1088 -256 -32 ) (-1088 -56 -32 ) (-992 136.003906 -32 ) (-832 192.003845 -32 ) (-832 -256 -32 ) 
4 54 (256 -544 640 ) (704 -544 640 ) (704 -544 1392 ) (256 -544 1392 ) 
4 54 (704 -544 640 ) (896 -544 640 ) (896 -544 1392 ) (704 -544 1392 ) 
4 54 (896 -256 1392 ) (256 -256 1392 ) (256 -544 1392 ) (896 -544 1392 ) 
4 54 (896 -256 640 ) (896 -256 1392 ) (896 -544 1392 ) (896 -544 640 ) 
4 54 (256 -256 640 ) (256 -544 640 ) (256 -544 1392 ) (256 -256 1392 ) 
4 55 (-128 -544 216 ) (-128 -544 448 ) (-128 -424 448 ) (-128 -424 216 ) 
4 55 (-128 -256 448 ) (-128 -256 -32 ) (-128 -424 -32 ) (-128 -424 448 ) 
4 55 (-128 -256 640 ) (-128 -256 448 ) (-128 -544 448 ) (-128 -544 640 ) 
4 55 (-24 -544 -32 ) (896 -544 -32 ) (896 -544 320 ) (-24 -544 320 ) 
4 55 (-128 -544 320 ) (-128 -544 216 ) (-24 -544 216 ) (-24 -544 320 ) 
4 55 (64 -544 320 ) (192 -544 320 ) (192 -544 640 ) (64 -544 640 ) 
4 55 (192 -544 320 ) (704 -544 320 ) (704 -544 640 ) (192 -544 640 ) 
4 55 (896 -256 -32 ) (896 -256 640 ) (896 -544 640 ) (896 -544 -32 ) 
4 55 (256 -256 640 ) (-128 -256 640 ) (-128 -544 640 ) (256 -544 640 ) 
4 55 (896 -256 -32 ) (896 -544 -32 ) (-128 -544 -32 ) (-128 -256 -32 ) 
4 56 (896 -768 320 ) (704 -768 320 ) (704 -544 320 ) (896 -544 320 ) 
4 56 (704 -640 320 ) (704 -768 320 ) (704 -768 640 ) (704 -640 640 ) 
4 56 (704 -544 640 ) (704 -544 320 ) (704 -640 320 ) (704 -640 640 ) 
4 56 (896 -768 640 ) (896 -768 320 ) (896 -544 320 ) (896 -544 640 ) 
4 56 (896 -768 640 ) (896 -544 640 ) (704 -544 640 ) (704 -768 640 ) 
8 57 (576 -768 320 ) (250.500244 -768 320 ) (192 -696 320 ) (192 -688 320 ) (328.001282 -656 320 ) (448 -640 320 ) (464 -640 320 ) (564.570801 -740.570740 320 ) 
4 57 (192 -688 320 ) (192 -696 320 ) (192 -696 1216 ) (192 -688 1216 ) 
4 57 (512.001160 -688.001160 320 ) (464 -640 320 ) (464 -640 1216 ) (512.001160 -688.001160 1216 ) 
4 57 (327.997192 -656 320 ) (192 -688 320 ) (192 -688 1216 ) (327.997192 -656 1216 ) 
4 57 (192 -696.004333 1216 ) (192 -696.004333 320 ) (250.496567 -768 320 ) (250.496567 -768 1216 ) 
4 57 (448 -640 1216 ) (464 -640 1216 ) (464 -640 320 ) (448 -640 320 ) 
4 57 (576.001099 -768 1216 ) (576.001099 -768 320 ) (564.573303 -740.573303 320 ) (564.573364 -740.573303 1216 ) 
4 57 (447.997314 -640 1216 ) (447.997284 -640 320 ) (328.001953 -656 320 ) (328.001923 -656 1216 ) 
8 57 (192 -696.006287 1216 ) (250.495331 -768 1216 ) (576 -768 1216 ) (564.570801 -740.570801 1216 ) (464 -640 1216 ) (447.929993 -640 1216 ) (328.093750 -655.978516 1216 ) (192 -688 1216 ) 
3 58 (556 -720 320 ) (564.570801 -740.570740 320 ) (512.001221 -688.001221 320 ) 
4 58 (555.996643 -719.993103 1216 ) (555.996643 -719.993103 320 ) (512 -687.996094 320 ) (512 -687.996094 1216 ) 
4 58 (564.573303 -740.573303 320 ) (556.001770 -720.001648 320 ) (556.001831 -720.001709 1216 ) (564.573364 -740.573303 1216 ) 
3 58 (556.002075 -720.005798 1216 ) (512.015625 -688.015625 1216 ) (564.574219 -740.574219 1216 ) 
4 59 (-128 -768 320 ) (-128 -768 448 ) (-128 -576 448 ) (-128 -576 320 ) 
4 59 (-128 -768 448 ) (-128 -768 640 ) (-128 -576 640 ) (-128 -576 448 ) 
4 59 (-128 -544 448 ) (-128 -544 320 ) (-128 -576 320 ) (-128 -576 448 ) 
4 59 (-128 -576 640 ) (-128 -544 640 ) (-128 -544 448 ) (-128 -576 448 ) 
5 59 (64 -768 320 ) (-128 -768 320 ) (-128 -576 320 ) (-24 -544 320 ) (64 -544 320 ) 
3 59 (-128 -576 320 ) (-128 -544 320 ) (-24 -544 320 ) 
4 59 (64 -768 640 ) (64 -768 320 ) (64 -544 320 ) (64 -544 640 ) 
4 59 (64 -768 640 ) (64 -544 640 ) (-128 -544 640 ) (-128 -768 640 ) 
4 60 (-24 -544 -32 ) (-24 -544 216 ) (-128 -576 216 ) (-128 -576 -32 ) 
3 60 (-128 -544 216 ) (-128 -575.997620 216 ) (-24.007812 -544 216 ) 
3 60 (-24.007812 -544 -32 ) (-128 -575.997620 -32 ) (-128 -544 -32 ) 
4 61 (-256 -576 320 ) (-256 -576 216 ) (-240 -576 216 ) (-240 -576 320 ) 
4 61 (-240 -424 320 ) (-240 -424 216 ) (-256 -424 216 ) (-256 -424 320 ) 
4 61 (-240 -576 320 ) (-240 -576 216 ) (-240 -424 216 ) (-240 -424 320 ) 
4 61 (-240 -576 320 ) (-240 -424 320 ) (-256 -424 320 ) (-256 -576 320 ) 
4 62 (-256 -576 448 ) (-512 -576 448 ) (-512 -576 216 ) (-256 -576 216 ) 
4 62 (-512 -448 448 ) (-512 -424 448 ) (-512 -424 216 ) (-512 -448 216 ) 
4 62 (-256 -576 448 ) (-256 -576 320 ) (-256 -424 320 ) (-256 -424 448 ) 
4 62 (-256 -424 216 ) (-512 -424 216 ) (-512 -424 448 ) (-256 -424 448 ) 
4 62 (-256 -424 448 ) (-512 -424 448 ) (-512 -576 448 ) (-256 -576 448 ) 
4 63 (-128 -576 128 ) (-128 -576 216 ) (-512 -576 216 ) (-512 -576 128 ) 
4 63 (-128 -576 -32 ) (-128 -576 128 ) (-512 -576 128 ) (-512 -576 -32 ) 
4 63 (-512 -448 216 ) (-512 -424 216 ) (-512 -424 128 ) (-512 -448 128 ) 
4 63 (-512 -576 -32 ) (-512 -576 128 ) (-512 -424 128 ) (-512 -424 -32 ) 
4 63 (-512 -424 -32 ) (-512 -424 216 ) (-128 -424 216 ) (-128 -424 -32 ) 
4 63 (-128 -424 216 ) (-240 -424 216 ) (-240 -576 216 ) (-128 -576 216 ) 
4 63 (-128 -576 -32 ) (-512 -576 -32 ) (-512 -424 -32 ) (-128 -424 -32 ) 
4 64 (-560 -576 128 ) (-512 -576 128 ) (-512 -576 448 ) (-560 -576 448 ) 
4 64 (-512 -448 128 ) (-512 -576 128 ) (-576 -576 128 ) (-576 -448 128 ) 
4 64 (-512 -448 448 ) (-512 -448 128 ) (-576 -448 128 ) (-576 -448 448 ) 
4 64 (-576 -576 448 ) (-512 -576 448 ) (-512 -448 448 ) (-576 -448 448 ) 
4 65 (-447.996216 -768 640 ) (-447.996216 -768 448 ) (-516 -747.998535 448 ) (-516 -747.998535 640 ) 
3 65 (-448.004395 -768 640 ) (-576 -730.354248 640 ) (-576 -768 640 ) 
4 66 (-516 -748 640 ) (-516 -748 448 ) (-576 -640 448 ) (-576 -640 640 ) 
3 66 (-576 -730.352966 640 ) (-516 -748 640 ) (-576 -640 640 ) 
4 67 (-576 -584 128 ) (-560 -576 128 ) (-559.996094 -576 448 ) (-576 -584.001953 448 ) 
3 67 (-576 -584 128 ) (-576 -576 128 ) (-560 -576 128 ) 
3 67 (-560 -576 448 ) (-576 -576 448 ) (-576 -584 448 ) 
4 68 (-516.002502 -748 128 ) (-576 -640.003906 128 ) (-576 -640.001160 448 ) (-516 -748 448 ) 
3 68 (-576 -768 128 ) (-576 -640 128 ) (-504.888824 -768 128 ) 
3 69 (-448 -768 128 ) (-504.888824 -768 128 ) (-516 -748 128 ) 
4 69 (-447.995819 -768 128 ) (-516 -748 128 ) (-516 -748 448 ) (-447.996643 -768 448 ) 
4 70 (-703.998047 -448 640 ) (-703.998047 -448 128 ) (-832 -319.998047 128 ) (-832 -319.998047 640 ) 
3 70 (-832 -448 128 ) (-832 -320 128 ) (-704 -448 128 ) 
3 70 (-832 -448 640 ) (-704 -448 640 ) (-832 -320 640 ) 
4 71 (-576 -640 128 ) (-576 -584 128 ) (-576 -584 448 ) (-576 -640 448 ) 
4 71 (-576 -640 640 ) (-576 -640 448 ) (-576 -576 448 ) (-576 -576 640 ) 
4 71 (-576 -448 448 ) (-576 -448 640 ) (-576 -576 640 ) (-576 -576 448 ) 
4 71 (-832 -768 128 ) (-832 -448 128 ) (-576 -448 128 ) (-576 -768 128 ) 
4 71 (-704 -448 640 ) (-576 -448 640 ) (-576 -448 128 ) (-704 -448 128 ) 
4 71 (-576 -768 640 ) (-576 -448 640 ) (-832 -448 640 ) (-832 -768 640 ) 
4 72 (-1088 -768 128 ) (-1088 -640 128 ) (-832 -640 128 ) (-832 -768 128 ) 
4 72 (-832 -320 640 ) (-832 -320 128 ) (-832 -256 128 ) (-832 -256 640 ) 
4 72 (-1088 -256 640 ) (-1088 -256 128 ) (-1088 -768 128 ) (-1088 -768 640 ) 
4 72 (-832 -768 640 ) (-832 -256 640 ) (-1088 -256 640 ) (-1088 -768 640 ) 
4 73 (-832 -640 -32 ) (-832 -640 128 ) (-1088 -640 128 ) (-1088 -640 -32 ) 
4 73 (-1088 -256 128 ) (-1088 -256 -32 ) (-1088 -640 -32 ) (-1088 -640 128 ) 
4 73 (-832 -640 128 ) (-832 -640 -32 ) (-832 -256 -32 ) (-832 -256 128 ) 
4 73 (-832 -640 -32 ) (-1088 -640 -32 ) (-1088 -256 -32 ) (-832 -256 -32 ) 
4 74 (716 -972 320 ) (780 -972 320 ) (780 -972 1216 ) (716 -972 1216 ) 
4 74 (815.993164 -900.017700 320 ) (872.003601 -787.996887 320 ) (872.003601 -787.996887 1216 ) (815.993164 -900.017700 1216 ) 
4 74 (704 -768 1216 ) (704 -768 320 ) (576 -768 320 ) (576 -768 1216 ) 
4 74 (882 -768 1216 ) (882 -768 640 ) (704 -768 640 ) (704 -768 1216 ) 
4 74 (780 -972 320 ) (384 -972 320 ) (384 -768 320 ) (882 -768 320 ) 
4 74 (384 -768 1216 ) (384 -972 1216 ) (780.003906 -972 1216 ) (882.003906 -768 1216 ) 
4 75 (780 -972 320 ) (788 -972 320 ) (788 -972 1216 ) (780 -972 1216 ) 
4 75 (788 -972 1216 ) (788 -972 320 ) (815.998047 -900.003906 320 ) (815.998047 -900.003906 1216 ) 
3 75 (788 -972 320 ) (780 -972 320 ) (816 -899.998047 320 ) 
3 75 (788.004395 -972 1216 ) (816.019531 -899.960938 1216 ) (780 -972 1216 ) 
4 76 (871.998779 -788.004272 1216 ) (871.998779 -788.004272 320 ) (896.003906 -768 320 ) (896.003967 -768 1216 ) 
4 76 (896 -768 1216 ) (896 -768 640 ) (882 -768 640 ) (882 -768 1216 ) 
3 76 (872 -788 320 ) (882 -768 320 ) (896 -768 320 ) 
3 76 (881.998047 -768 1216 ) (871.996094 -788.003906 1216 ) (896 -768 1216 ) 
4 77 (496 -1024 1216 ) (496 -1024 320 ) (576 -1024 320 ) (576 -1024 1216 ) 
4 77 (496 -984 320 ) (496 -1024 320 ) (496 -1024 1216 ) (496 -984 1216 ) 
4 77 (576.002869 -1024 1216 ) (576.002808 -1024 320 ) (596.003296 -996 320 ) (596.003357 -996 1216 ) 
4 77 (576 -1024 320 ) (496 -1024 320 ) (496 -972 320 ) (613.142761 -972 320 ) 
4 77 (496 -972 1216 ) (496 -1024 1216 ) (576.001160 -1024 1216 ) (613.144531 -972 1216 ) 
4 78 (596 -996 1216 ) (596 -996 320 ) (716 -972 320 ) (716 -972 1216 ) 
3 78 (596 -996 320 ) (613.142761 -972 320 ) (716 -972 320 ) 
3 78 (613.147461 -972 1216 ) (596.003906 -996 1216 ) (716.007812 -972 1216 ) 
4 79 (448 -984 320 ) (496 -984 320 ) (496 -984 1216 ) (448 -984 1216 ) 
4 79 (384 -972 320 ) (496 -972 320 ) (496 -984 320 ) (384 -984 320 ) 
4 79 (496 -972 1216 ) (384 -972 1216 ) (384 -984 1216 ) (496 -984 1216 ) 
4 80 (384.003906 -1024 1216 ) (384.003906 -1024 320 ) (448.003906 -984 320 ) (448.003906 -984 1216 ) 
3 80 (384 -1024 320 ) (384 -984 320 ) (448 -984 320 ) 
3 80 (384 -984 1216 ) (384 -1024 1216 ) (448 -984 1216 ) 
4 81 (400 -1216 1216 ) (400 -1216 256 ) (384 -1200 256 ) (384 -1200 1216 ) 
3 81 (399.998840 -1216 256 ) (384 -1216 256 ) (384 -1200.001221 256 ) 
3 81 (400 -1216 1216 ) (384 -1200 1216 ) (384 -1216 1216 ) 
4 82 (296 -824 320 ) (296 -872 320 ) (296 -872 1216 ) (296 -824 1216 ) 
4 82 (384 -960 320 ) (296 -960 320 ) (296 -768 320 ) (384 -768 320 ) 
4 82 (384 -768 1216 ) (296 -768 1216 ) (296 -960 1216 ) (384 -960 1216 ) 
3 83 (296 -872 320 ) (296 -960 320 ) (244.666748 -960 320 ) 
4 83 (296 -872 1216 ) (296 -872 320 ) (244.666672 -960 320 ) (244.666687 -960 1216 ) 
3 83 (296 -960 1216 ) (296 -872.003906 1216 ) (244.667969 -960 1216 ) 
3 84 (296 -768 320 ) (296 -824 320 ) (250.500229 -768 320 ) 
4 84 (250.500092 -768 1216 ) (250.500092 -768 320 ) (296 -824 320 ) (296 -824 1216 ) 
3 84 (296 -768 1216 ) (250.499969 -768 1216 ) (296 -824 1216 ) 
4 85 (192 -1008 256 ) (192 -1216 256 ) (192 -1216 1216 ) (192 -1008 1216 ) 
4 85 (240 -968 256 ) (192 -1008 256 ) (192 -1008 1216 ) (240 -968 1216 ) 
4 85 (384 -960 320 ) (384 -972 320 ) (384 -972 256 ) (384 -960 256 ) 
4 85 (384 -972 256 ) (384 -972 320 ) (384 -1024 320 ) (384 -1024 256 ) 
4 85 (384 -1200.001221 1216 ) (384 -1200.001221 256 ) (384 -1024 256 ) (384 -1024 1216 ) 
5 85 (249.599762 -960 256 ) (384 -960 256 ) (384 -1216 256 ) (192 -1216 256 ) (192 -1008 256 ) 
4 85 (296 -960 320 ) (384 -960 320 ) (384 -960 256 ) (296 -960 256 ) 
4 85 (249.599731 -960 320 ) (296 -960 320 ) (296 -960 256 ) (249.599808 -960 256 ) 
5 85 (384 -1216 1216 ) (384 -960 1216 ) (249.600021 -960 1216 ) (192 -1008 1216 ) (192 -1216 1216 ) 
4 86 (244.668137 -960 1216 ) (244.668137 -960 256 ) (240.001953 -968 256 ) (240.001984 -968 1216 ) 
4 86 (244.666748 -960 320 ) (249.599731 -960 320 ) (249.599808 -960 256 ) (244.666733 -960 256 ) 
3 86 (244.666733 -960 256 ) (249.599762 -960 256 ) (240 -968 256 ) 
3 86 (244.668945 -960 1216 ) (240 -968.003906 1216 ) (249.605469 -960 1216 ) 
4 87 (-104.001228 -1024 320 ) (-104.001236 -1024 1216 ) (-128 -1024 1216 ) (-128 -1024 320 ) 
4 87 (16 -943.997925 320 ) (63.998039 -912 320 ) (63.998013 -912 1216 ) (16 -943.997864 1216 ) 
5 87 (-104 -1024 320 ) (-128 -1024 320 ) (-128 -768 320 ) (64 -768 320 ) (64 -912 320 ) 
4 87 (64 -912 1216 ) (64 -912 320 ) (64 -768 320 ) (64 -768 1216 ) 
4 87 (64 -768 1216 ) (64 -768 640 ) (-128 -768 640 ) (-128 -768 1216 ) 
5 87 (64 -768 1216 ) (-128 -768 1216 ) (-128 -1024 1216 ) (-104.005920 -1024 1216 ) (64 -911.996094 1216 ) 
4 88 (-104.004677 -1024 1216 ) (-104.004631 -1024 320 ) (-31.998825 -1007.998779 320 ) (-31.998800 -1007.998779 1216 ) 
4 88 (-32.003853 -1008.003845 1216 ) (-32.003906 -1008.003906 320 ) (0 -976 320 ) (0 -976 1216 ) 
4 88 (-0.002000 -976.002014 1216 ) (-0.001973 -976.001953 320 ) (15.996084 -944.005859 320 ) (15.996058 -944.005920 1216 ) 
4 88 (-32 -1008 320 ) (-104 -1024 320 ) (16 -944 320 ) (0 -976 320 ) 
4 88 (-32 -1008 1216 ) (0.007825 -975.992126 1216 ) (16.003906 -944 1216 ) (-103.996094 -1024 1216 ) 
4 89 (-320 -768 1216 ) (-320 -768 640 ) (-320 -788 640 ) (-320 -788 1216 ) 
4 89 (-232.003906 -788 1216 ) (-232.003906 -788 128 ) (-320 -768 128 ) (-320 -768 1216 ) 
3 89 (-232 -788 128 ) (-320 -788 128 ) (-320 -768 128 ) 
3 89 (-320 -788 1216 ) (-231.996094 -788 1216 ) (-320 -768 1216 ) 
4 90 (-147.996506 -768 1216 ) (-147.996536 -768 128 ) (-219.995316 -788 128 ) (-219.995300 -788 1216 ) 
4 90 (-148 -768 128 ) (-148 -768 448 ) (-128 -768 448 ) (-128 -768 128 ) 
4 90 (-148 -768 448 ) (-148 -768 640 ) (-128 -768 640 ) (-128 -768 448 ) 
4 90 (-148 -768 640 ) (-148 -768 1216 ) (-128 -768 1216 ) (-128 -768 640 ) 
4 90 (-128 -788 320 ) (-128 -788 128 ) (-128 -768 128 ) (-128 -768 320 ) 
4 90 (-128 -768 128 ) (-128 -788 128 ) (-220 -788 128 ) (-148 -768 128 ) 
4 90 (-128 -768 1216 ) (-147.994476 -768 1216 ) (-219.994537 -788 1216 ) (-128 -788 1216 ) 
4 91 (-320 -1024 640 ) (-320 -1024 1216 ) (-320 -788 1216 ) (-320 -788 640 ) 
4 91 (-320 -1024 1216 ) (-320 -1024 128 ) (-128 -1024 128 ) (-128 -1024 1216 ) 
4 91 (-128 -788 320 ) (-128 -1024 320 ) (-128 -1024 128 ) (-128 -788 128 ) 
4 91 (-128 -788 128 ) (-128 -1024 128 ) (-320 -1024 128 ) (-320 -788 128 ) 
4 91 (-232 -788 1216 ) (-220 -788 1216 ) (-220 -788 128 ) (-232 -788 128 ) 
4 91 (-320 -1024 1216 ) (-128 -1024 1216 ) (-128 -788 1216 ) (-320 -788 1216 ) 
4 92 (-320 -768.001953 640 ) (-320 -768.001953 128 ) (-367.998047 -788 128 ) (-367.998047 -788 640 ) 
3 92 (-320 -768 128 ) (-320 -788 128 ) (-368 -788 128 ) 
3 92 (-320 -768.001648 640 ) (-367.996094 -788 640 ) (-320 -788 640 ) 
4 93 (-379.998047 -788 640 ) (-379.998047 -788 128 ) (-384 -786.822937 128 ) (-384 -786.822937 640 ) 
3 93 (-384 -788 128 ) (-384 -786.823486 128 ) (-380 -788 128 ) 
3 93 (-384 -788 640 ) (-380.003906 -788 640 ) (-384 -786.824219 640 ) 
4 94 (-384 -1024 640 ) (-384 -1024 128 ) (-320 -1024 128 ) (-320 -1024 640 ) 
4 94 (-380 -788 640 ) (-368 -788 640 ) (-368 -788 128 ) (-380 -788 128 ) 
4 94 (-384 -1024 128 ) (-384 -788 128 ) (-320 -788 128 ) (-320 -1024 128 ) 
4 94 (-320 -788 640 ) (-384 -788 640 ) (-384 -1024 640 ) (-320 -1024 640 ) 
4 95 (-575.998352 -1216 640 ) (-584 -1216 640 ) (-584 -1216 256 ) (-575.998352 -1216 256 ) 
4 95 (-384 -1216 128 ) (-384 -1216 256 ) (-584 -1216 256 ) (-584 -1216 128 ) 
4 95 (-1029.538330 -1011.077393 128 ) (-1036.695190 -1025.391235 128 ) (-1036.695190 -1025.391235 640 ) (-1029.538330 -1011.077454 640 ) 
4 95 (-1024 -1000 128 ) (-1029.538330 -1011.077393 128 ) (-1029.538330 -1011.077454 640 ) (-1024 -1000 640 ) 
4 95 (-736 -1152 128 ) (-584.001038 -1216 128 ) (-584.001038 -1216 640 ) (-736 -1152 640 ) 
4 95 (-384 -786.822266 640 ) (-384 -786.822266 128 ) (-447.995758 -768 128 ) (-447.995789 -768 640 ) 
6 95 (-384 -786.823486 128 ) (-384 -1216 128 ) (-584 -1216 128 ) (-1036.696045 -1025.390869 128 ) (-908 -768 128 ) (-448 -768 128 ) 
4 95 (-384 -1024 640 ) (-384 -1216 640 ) (-384 -1216 128 ) (-384 -1024 128 ) 
6 95 (-384 -1216 640 ) (-384 -786.823975 640 ) (-448.001526 -768 640 ) (-908 -768 640 ) (-1036.694824 -1025.388428 640 ) (-583.991882 -1216 640 ) 
4 96 (-848 -1216 640 ) (-848 -1216 256 ) (-840 -1216 256 ) (-840 -1216 640 ) 
4 96 (-848 -1216 256 ) (-848 -1216 128 ) (-840 -1216 128 ) (-840 -1216 256 ) 
4 96 (-1036.695190 -1025.391235 128 ) (-1040 -1032 128 ) (-1040 -1032 640 ) (-1036.695190 -1025.391235 640 ) 
4 96 (-840.002258 -1216 640 ) (-840.002258 -1216 128 ) (-735.998047 -1151.998047 128 ) (-735.998047 -1151.998047 640 ) 
7 96 (-840 -1216 128 ) (-848 -1216 128 ) (-992 -1128 128 ) (-1024 -1080 128 ) (-1040 -1031.998657 128 ) (-1036.696045 -1025.390869 128 ) (-736 -1152 128 ) 
4 96 (-1024.001587 -1079.992798 640 ) (-1024.001587 -1079.992798 128 ) (-991.996094 -1128.001953 128 ) (-991.996094 -1128.001953 640 ) 
4 96 (-1040 -1032.001953 640 ) (-1040 -1032.001953 128 ) (-1024 -1080 128 ) (-1024 -1080 640 ) 
4 96 (-848 -1216 128 ) (-848 -1216 640 ) (-992 -1128 640 ) (-992 -1128 128 ) 
7 96 (-1036.696411 -1025.391479 640 ) (-1040 -1031.998779 640 ) (-1024 -1079.998047 640 ) (-991.998779 -1128 640 ) (-848 -1216 640 ) (-840 -1216 640 ) (-736 -1152 640 ) 
4 97 (-1088 -824 640 ) (-1088 -824 128 ) (-1048 -951.998962 128 ) (-1048 -951.998962 640 ) 
4 97 (-1048 -952 640 ) (-1048 -952 128 ) (-1024 -1000 128 ) (-1024 -1000 640 ) 
5 97 (-1088 -824 128 ) (-1088 -768 128 ) (-908 -768 128 ) (-1024 -1000 128 ) (-1048 -952 128 ) 
4 97 (-1088 -768 640 ) (-1088 -768 128 ) (-1088 -824 128 ) (-1088 -824 640 ) 
5 97 (-908 -768 640 ) (-1088 -768 640 ) (-1088 -824.010132 640 ) (-1048.001953 -952.003906 640 ) (-1024.001953 -1000.003906 640 ) 
4 98 (-384.001984 -1472 1216 ) (-384.001953 -1472 256 ) (-304.002502 -1440 256 ) (-304.002533 -1440 1216 ) 
4 98 (-344.002594 -1240 256 ) (-384.002472 -1216 256 ) (-384.002441 -1216 1216 ) (-344.002563 -1240 1216 ) 
4 98 (-551.995117 -1328.005859 1216 ) (-551.995117 -1328.005859 256 ) (-543.996277 -1344.003540 256 ) (-543.996277 -1344.003540 1216 ) 
4 98 (-544 -1344 256 ) (-392 -1472 256 ) (-392 -1472 1216 ) (-544 -1344 1216 ) 
7 98 (-128 -1369.599609 256 ) (-384 -1472 256 ) (-392 -1472 256 ) (-543.998901 -1344 256 ) (-551.997620 -1328.003784 256 ) (-575.998413 -1216 256 ) (-384 -1216 256 ) 
4 98 (-392 -1472 256 ) (-384 -1472 256 ) (-384 -1472 1216 ) (-392 -1472 1216 ) 
4 98 (-575.998352 -1216 640 ) (-575.998352 -1216 1216 ) (-384 -1216 1216 ) (-384 -1216 640 ) 
4 98 (-575.998596 -1216 1216 ) (-575.998596 -1216 256 ) (-551.997986 -1328.002930 256 ) (-551.997986 -1328.002930 1216 ) 
7 98 (-383.992340 -1472 1216 ) (-128 -1369.600098 1216 ) (-384 -1216 1216 ) (-576 -1216 1216 ) (-551.998047 -1328.011719 1216 ) (-544.007812 -1343.992188 1216 ) (-392 -1472 1216 ) 
4 99 (64 -1216 1216 ) (64 -1216 256 ) (16 -1264 256 ) (16 -1264 1216 ) 
4 99 (192 -1216 1216 ) (192 -1216 256 ) (64 -1216 256 ) (64 -1216 1216 ) 
4 99 (255.996094 -1216 256 ) (135.996796 -1264 256 ) (16 -1264 256 ) (64 -1216 256 ) 
4 99 (63.996098 -1216 1216 ) (15.996094 -1264 1216 ) (136 -1264 1216 ) (256 -1216 1216 ) 
4 100 (-0.001617 -1264 1216 ) (-0.001583 -1264 256 ) (-343.997925 -1240 256 ) (-343.997894 -1240 1216 ) 
3 100 (0 -1264 256 ) (-304 -1264 256 ) (-344 -1240 256 ) 
3 100 (-304 -1264 1216 ) (0.054688 -1264 1216 ) (-344.007812 -1239.995605 1216 ) 
3 101 (135.996796 -1264 256 ) (-128 -1369.599609 256 ) (-304 -1264 256 ) 
4 101 (0 -1264 1216 ) (16 -1264 1216 ) (16 -1264 256 ) (0 -1264 256 ) 
3 101 (136 -1264 1216 ) (-304 -1264 1216 ) (-128 -1369.597656 1216 ) 
4 102 (383.986481 -1280.023926 256 ) (416 -1232.003906 256 ) (416 -1232.003906 1216 ) (383.986481 -1280.023926 1216 ) 
4 102 (16 -1424 256 ) (64 -1472 256 ) (64 -1472 1216 ) (16 -1424 1216 ) 
4 102 (416 -1232 256 ) (400 -1216 256 ) (400 -1216 1216 ) (416 -1232 1216 ) 
7 102 (192 -1472 256 ) (64 -1472 256 ) (-64 -1344 256 ) (256 -1216 256 ) (399.998840 -1216 256 ) (416 -1232 256 ) (281.600250 -1433.599609 256 ) 
4 102 (64 -1472 1216 ) (64 -1472 256 ) (192 -1472 256 ) (192 -1472 1216 ) 
4 102 (192 -1472 1216 ) (192 -1472 256 ) (281.600006 -1433.600098 256 ) (281.599945 -1433.600098 1216 ) 
7 102 (192 -1472 1216 ) (281.608795 -1433.595947 1216 ) (416.003906 -1232 1216 ) (400.002808 -1216 1216 ) (255.985291 -1216 1216 ) (-64.002808 -1344.001221 1216 ) (63.996029 -1472 1216 ) 
4 103 (-304.003845 -1440 1216 ) (-304.003906 -1440 256 ) (16 -1424 256 ) (16 -1424 1216 ) 
3 103 (-304 -1440 256 ) (-64 -1344 256 ) (16 -1424 256 ) 
3 103 (-64.003906 -1344 1216 ) (-304.001862 -1440 1216 ) (16.003906 -1424 1216 ) 
4 104 (304 -1424 1216 ) (304 -1424 256 ) (383.998047 -1280.003906 256 ) (383.998047 -1280.003906 1216 ) 
3 104 (304 -1424 256 ) (281.600250 -1433.599609 256 ) (383.998657 -1280.002075 256 ) 
4 104 (281.600006 -1433.600098 256 ) (304 -1424 256 ) (304 -1424 1216 ) (281.599945 -1433.600098 1216 ) 
3 104 (303.996094 -1424.001465 1216 ) (383.988281 -1280.015625 1216 ) (281.601562 -1433.597656 1216 ) 
