PRT1
24
50
96
4 0 14 1 (-832 -640 320 ) (-832 -256 320 ) (-704 -256 320 ) (-704 -640 320 ) 
4 0 13 1 (256 -512 320 ) (256 -640 320 ) (-704 -640 320 ) (-704 -512 320 ) 
4 0 11 1 (-640 -256 320 ) (256 -256 320 ) (256 -448 320 ) (-640 -448 320 ) 
4 0 10 1 (-832 -256 320 ) (-832 704 320 ) (-704 704 320 ) (-704 -256 320 ) 
4 0 9 1 (256 640 320 ) (256 -256 320 ) (-640 -256 320 ) (-640 640 320 ) 
4 0 8 1 (-832 704 320 ) (-832 832 320 ) (256 832 320 ) (256 704 320 ) 
4 0 7 1 (832 -640 320 ) (256 -640 320 ) (256 -512 320 ) (832 -512 320 ) 
4 0 6 1 (256 -256 320 ) (256 128 320 ) (768 128 320 ) (768 -256 320 ) 
4 0 5 1 (960 128 320 ) (960 -640 320 ) (832 -640 320 ) (832 128 320 ) 
4 0 4 1 (768 640 320 ) (768 128 320 ) (256 128 320 ) (256 640 320 ) 
4 0 3 1 (256 832 320 ) (768 832 320 ) (768 704 320 ) (256 704 320 ) 
4 0 2 1 (768 832 320 ) (832 832 320 ) (832 704 320 ) (768 704 320 ) 
4 0 1 1 (832 832 320 ) (960 832 320 ) (960 128 320 ) (832 128 320 ) 
4 1 18 1 (960 128 -448 ) (832 128 -448 ) (832 512 -448 ) (960 512 -448 ) 
4 1 16 1 (832 512 -448 ) (832 704 -448 ) (960 704 -448 ) (960 512 -448 ) 
4 1 15 1 (832 704 -448 ) (832 832 -448 ) (960 832 -448 ) (960 704 -448 ) 
4 1 5 1 (832 128 -448 ) (960 128 -448 ) (960 128 320 ) (832 128 320 ) 
4 1 2 0 (832 832 320 ) (832 832 -448 ) (832 704 -448 ) (832 704 320 ) 
4 2 15 1 (768 704 -448 ) (768 832 -448 ) (832 832 -448 ) (832 704 -448 ) 
4 2 3 0 (768 832 -448 ) (768 704 -448 ) (768 704 320 ) (768 832 320 ) 
4 3 15 1 (768 832 -448 ) (768 704 -448 ) (256 704 -448 ) (256 832 -448 ) 
4 3 8 1 (256 832 -448 ) (256 704 -448 ) (256 704 320 ) (256 832 320 ) 
4 4 19 1 (768 512 -448 ) (768 128 -448 ) (256 128 -448 ) (256 512 -448 ) 
4 4 9 1 (256 640 -448 ) (256 128 -448 ) (256 128 320 ) (256 640 320 ) 
4 4 6 1 (256 128 320 ) (256 128 -320 ) (768 128 -320 ) (768 128 320 ) 
4 5 20 1 (960 -640 -448 ) (832 -640 -448 ) (832 128 -448 ) (960 128 -448 ) 
4 5 7 0 (832 -512 -448 ) (832 -640 -448 ) (832 -640 320 ) (832 -512 320 ) 
4 6 9 1 (256 -256 -320 ) (256 -256 320 ) (256 128 320 ) (256 128 -320 ) 
4 7 21 1 (832 -640 -448 ) (256 -640 -448 ) (256 -512 -448 ) (832 -512 -448 ) 
4 7 13 1 (256 -512 -448 ) (256 -640 -448 ) (256 -640 320 ) (256 -512 320 ) 
4 8 15 1 (256 832 -448 ) (256 704 -448 ) (-832 704 -448 ) (-832 832 -448 ) 
4 8 10 0 (-832 704 320 ) (-832 704 -448 ) (-704 704 -448 ) (-704 704 320 ) 
4 9 19 1 (256 512 -448 ) (256 128 -448 ) (-512 128 -448 ) (-512 512 -448 ) 
4 9 12 1 (-640 -256 -448 ) (256 -256 -448 ) (256 -256 -64 ) (-640 -256 -64 ) 
4 9 11 1 (256 -256 64 ) (256 -256 320 ) (-640 -256 320 ) (-640 -256 64 ) 
4 10 23 1 (-704 -256 -448 ) (-832 -256 -448 ) (-832 512 -448 ) (-704 512 -448 ) 
4 10 17 1 (-832 512 -448 ) (-832 704 -448 ) (-704 704 -448 ) (-704 512 -448 ) 
4 10 14 1 (-832 -256 -448 ) (-704 -256 -448 ) (-704 -256 320 ) (-832 -256 320 ) 
4 13 22 1 (-512 -640 -448 ) (-704 -640 -448 ) (-704 -512 -448 ) (-512 -512 -448 ) 
4 13 21 1 (256 -512 -448 ) (256 -640 -448 ) (-512 -640 -448 ) (-512 -512 -448 ) 
4 13 14 0 (-704 -512 -448 ) (-704 -640 -448 ) (-704 -640 320 ) (-704 -512 320 ) 
4 14 23 1 (-832 -256 -448 ) (-704 -256 -448 ) (-704 -640 -448 ) (-832 -640 -448 ) 
4 15 17 0 (-832 704 -448 ) (-832 704 -576 ) (-704 704 -576 ) (-704 704 -448 ) 
4 15 16 0 (832 704 -576 ) (960 704 -576 ) (960 704 -448 ) (832 704 -448 ) 
4 16 18 0 (832 512 -576 ) (960 512 -576 ) (960 512 -448 ) (832 512 -448 ) 
4 17 23 0 (-832 512 -576 ) (-704 512 -576 ) (-704 512 -448 ) (-832 512 -448 ) 
4 18 20 0 (832 128 -576 ) (960 128 -576 ) (960 128 -448 ) (832 128 -448 ) 
4 20 21 0 (832 -512 -576 ) (832 -640 -576 ) (832 -640 -448 ) (832 -512 -448 ) 
4 21 22 0 (-512 -512 -576 ) (-512 -640 -576 ) (-512 -640 -448 ) (-512 -512 -448 ) 
4 22 23 0 (-704 -512 -576 ) (-704 -640 -576 ) (-704 -640 -448 ) (-704 -512 -448 ) 
4 0 (256 -448 320 ) (256 -512 320 ) (-704 -512 320 ) (-704 -448 320 ) 
4 0 (-704 -256 320 ) (-640 -256 320 ) (-640 -448 320 ) (-704 -448 320 ) 
4 0 (-704 704 320 ) (-640 704 320 ) (-640 -256 320 ) (-704 -256 320 ) 
4 0 (-640 704 320 ) (256 704 320 ) (256 640 320 ) (-640 640 320 ) 
4 0 (256 -512 320 ) (256 -256 320 ) (832 -256 320 ) (832 -512 320 ) 
4 0 (768 128 320 ) (832 128 320 ) (832 -256 320 ) (768 -256 320 ) 
4 0 (768 704 320 ) (768 640 320 ) (256 640 320 ) (256 704 320 ) 
4 0 (832 704 320 ) (832 128 320 ) (768 128 320 ) (768 704 320 ) 
4 0 (960 -640 320 ) (960 832 320 ) (960 832 576 ) (960 -640 576 ) 
4 0 (960 -640 576 ) (960 832 576 ) (-832 832 576 ) (-832 -640 576 ) 
4 0 (-832 832 576 ) (960 832 576 ) (960 832 320 ) (-832 832 320 ) 
4 0 (-832 -640 576 ) (-832 832 576 ) (-832 832 320 ) (-832 -640 320 ) 
4 0 (-832 -640 576 ) (-832 -640 320 ) (960 -640 320 ) (960 -640 576 ) 
4 1 (832 704 -448 ) (832 128 -448 ) (832 128 320 ) (832 704 320 ) 
4 1 (832 832 320 ) (960 832 320 ) (960 832 -448 ) (832 832 -448 ) 
4 1 (960 128 320 ) (960 128 -448 ) (960 832 -448 ) (960 832 320 ) 
4 2 (832 832 320 ) (832 832 -448 ) (768 832 -448 ) (768 832 320 ) 
4 2 (768 704 320 ) (768 704 -448 ) (832 704 -448 ) (832 704 320 ) 
4 3 (256 704 320 ) (256 704 -448 ) (768 704 -448 ) (768 704 320 ) 
4 3 (768 832 320 ) (768 832 -448 ) (256 832 -448 ) (256 832 320 ) 
4 4 (768 640 -448 ) (768 512 -448 ) (256 512 -448 ) (256 640 -448 ) 
4 4 (256 128 -320 ) (256 128 -448 ) (768 128 -448 ) (768 128 -320 ) 
4 4 (768 640 320 ) (768 128 320 ) (768 128 -448 ) (768 640 -448 ) 
4 4 (768 640 320 ) (768 640 -448 ) (256 640 -448 ) (256 640 320 ) 
4 5 (832 -256 -448 ) (832 -512 -448 ) (832 -512 320 ) (832 -256 320 ) 
4 5 (832 128 320 ) (832 128 -320 ) (832 -256 -320 ) (832 -256 320 ) 
4 5 (832 128 -320 ) (832 128 -448 ) (832 -256 -448 ) (832 -256 -320 ) 
4 5 (832 -640 -448 ) (960 -640 -448 ) (960 -640 320 ) (832 -640 320 ) 
4 5 (960 -640 320 ) (960 -640 -448 ) (960 128 -448 ) (960 128 320 ) 
4 6 (256 -256 320 ) (256 -256 -320 ) (768 -256 -320 ) (768 -256 320 ) 
4 6 (768 -256 -320 ) (256 -256 -320 ) (256 128 -320 ) (768 128 -320 ) 
4 6 (768 -256 320 ) (768 -256 -320 ) (768 128 -320 ) (768 128 320 ) 
4 7 (256 -640 320 ) (256 -640 -448 ) (832 -640 -448 ) (832 -640 320 ) 
4 7 (832 -512 320 ) (832 -512 -448 ) (256 -512 -448 ) (256 -512 320 ) 
4 8 (-704 704 -448 ) (-640 704 -448 ) (-640 704 320 ) (-704 704 320 ) 
4 8 (-640 704 -448 ) (256 704 -448 ) (256 704 320 ) (-640 704 320 ) 
4 8 (-832 832 -448 ) (-832 704 -448 ) (-832 704 320 ) (-832 832 320 ) 
4 8 (256 832 320 ) (256 832 -448 ) (-832 832 -448 ) (-832 832 320 ) 
4 9 (-512 -256 -448 ) (-640 -256 -448 ) (-640 512 -448 ) (-512 512 -448 ) 
4 9 (256 128 -448 ) (256 -256 -448 ) (-512 -256 -448 ) (-512 128 -448 ) 
4 9 (256 640 -448 ) (256 512 -448 ) (-640 512 -448 ) (-640 640 -448 ) 
4 9 (256 -256 -64 ) (256 -256 64 ) (-640 -256 64 ) (-640 -256 -64 ) 
4 9 (-640 640 -448 ) (-640 -256 -448 ) (-640 -256 320 ) (-640 640 320 ) 
4 9 (256 128 -320 ) (256 -256 -320 ) (256 -256 -448 ) (256 128 -448 ) 
4 9 (256 640 320 ) (256 640 -448 ) (-640 640 -448 ) (-640 640 320 ) 
4 10 (-832 704 -448 ) (-832 -256 -448 ) (-832 -256 320 ) (-832 704 320 ) 
4 10 (-704 -256 320 ) (-704 -256 -448 ) (-704 704 -448 ) (-704 704 320 ) 
4 11 (256 -448 64 ) (256 -448 320 ) (-640 -448 320 ) (-640 -448 64 ) 
4 11 (256 -448 64 ) (-640 -448 64 ) (-640 -256 64 ) (256 -256 64 ) 
4 11 (-640 -256 320 ) (-640 -256 64 ) (-640 -448 64 ) (-640 -448 320 ) 
4 11 (256 -256 64 ) (256 -256 320 ) (256 -448 320 ) (256 -448 64 ) 
4 12 (-640 -256 -448 ) (-512 -256 -448 ) (-512 -448 -448 ) (-640 -448 -448 ) 
4 12 (-512 -256 -448 ) (256 -256 -448 ) (256 -448 -448 ) (-512 -448 -448 ) 
4 12 (-640 -448 -448 ) (256 -448 -448 ) (256 -448 -64 ) (-640 -448 -64 ) 
4 12 (256 -256 -64 ) (256 -448 -64 ) (256 -448 -448 ) (256 -256 -448 ) 
4 12 (-640 -256 -64 ) (-640 -256 -448 ) (-640 -448 -448 ) (-640 -448 -64 ) 
4 12 (256 -256 -64 ) (-640 -256 -64 ) (-640 -448 -64 ) (256 -448 -64 ) 
4 13 (-704 -640 -448 ) (256 -640 -448 ) (256 -640 320 ) (-704 -640 320 ) 
4 13 (256 -512 320 ) (256 -512 -448 ) (-704 -512 -448 ) (-704 -512 320 ) 
4 14 (-832 -640 -448 ) (-704 -640 -448 ) (-704 -640 320 ) (-832 -640 320 ) 
4 14 (-704 -448 320 ) (-704 -448 -448 ) (-704 -256 -448 ) (-704 -256 320 ) 
4 14 (-704 -448 320 ) (-704 -512 320 ) (-704 -512 -448 ) (-704 -448 -448 ) 
4 14 (-832 -256 320 ) (-832 -256 -448 ) (-832 -640 -448 ) (-832 -640 320 ) 
4 15 (-704 704 -576 ) (832 704 -576 ) (832 704 -448 ) (-704 704 -448 ) 
4 15 (960 832 -448 ) (960 704 -448 ) (960 704 -576 ) (960 832 -576 ) 
4 15 (960 832 -576 ) (960 704 -576 ) (-832 704 -576 ) (-832 832 -576 ) 
4 15 (-832 832 -576 ) (-832 704 -576 ) (-832 704 -448 ) (-832 832 -448 ) 
4 15 (960 832 -448 ) (960 832 -576 ) (-832 832 -576 ) (-832 832 -448 ) 
4 16 (832 704 -448 ) (832 704 -576 ) (832 512 -576 ) (832 512 -448 ) 
4 16 (960 704 -448 ) (960 512 -448 ) (960 512 -576 ) (960 704 -576 ) 
4 16 (960 704 -576 ) (960 512 -576 ) (832 512 -576 ) (832 704 -576 ) 
4 17 (-832 704 -576 ) (-832 512 -576 ) (-832 512 -448 ) (-832 704 -448 ) 
4 17 (-704 512 -576 ) (-832 512 -576 ) (-832 704 -576 ) (-704 704 -576 ) 
4 17 (-704 512 -448 ) (-704 512 -576 ) (-704 704 -576 ) (-704 704 -448 ) 
4 18 (832 512 -448 ) (832 512 -576 ) (832 128 -576 ) (832 128 -448 ) 
4 18 (832 512 -576 ) (960 512 -576 ) (960 128 -576 ) (832 128 -576 ) 
4 18 (960 128 -448 ) (960 128 -576 ) (960 512 -576 ) (960 512 -448 ) 
4 19 (-512 512 -448 ) (-512 512 -576 ) (-512 128 -576 ) (-512 128 -448 ) 
4 19 (-512 128 -448 ) (-512 128 -576 ) (768 128 -576 ) (768 128 -448 ) 
4 19 (-512 512 -576 ) (768 512 -576 ) (768 128 -576 ) (-512 128 -576 ) 
4 19 (-512 512 -448 ) (768 512 -448 ) (768 512 -576 ) (-512 512 -576 ) 
4 19 (768 128 -448 ) (768 128 -576 ) (768 512 -576 ) (768 512 -448 ) 
4 20 (832 128 -448 ) (832 128 -576 ) (832 -512 -576 ) (832 -512 -448 ) 
4 20 (960 -640 -576 ) (832 -640 -576 ) (832 128 -576 ) (960 128 -576 ) 
4 20 (832 -640 -576 ) (960 -640 -576 ) (960 -640 -448 ) (832 -640 -448 ) 
4 20 (960 -640 -448 ) (960 -640 -576 ) (960 128 -576 ) (960 128 -448 ) 
4 21 (832 -640 -576 ) (-512 -640 -576 ) (-512 -512 -576 ) (832 -512 -576 ) 
4 21 (-512 -640 -576 ) (832 -640 -576 ) (832 -640 -448 ) (-512 -640 -448 ) 
4 21 (832 -512 -448 ) (832 -512 -576 ) (-512 -512 -576 ) (-512 -512 -448 ) 
4 22 (-704 -640 -576 ) (-512 -640 -576 ) (-512 -640 -448 ) (-704 -640 -448 ) 
4 22 (-512 -512 -576 ) (-512 -640 -576 ) (-704 -640 -576 ) (-704 -512 -576 ) 
4 22 (-512 -512 -448 ) (-512 -512 -576 ) (-704 -512 -576 ) (-704 -512 -448 ) 
4 23 (-832 -640 -576 ) (-704 -640 -576 ) (-704 -640 -448 ) (-832 -640 -448 ) 
4 23 (-832 512 -576 ) (-704 512 -576 ) (-704 -640 -576 ) (-832 -640 -576 ) 
4 23 (-704 -512 -448 ) (-704 -512 -576 ) (-704 512 -576 ) (-704 512 -448 ) 
4 23 (-832 512 -448 ) (-832 512 -576 ) (-832 -640 -576 ) (-832 -640 -448 ) 
